2024.12.01 08:39:21 INFO  Started: Metals version 1.4.1 in folders '/Users/rick/Documents/workspace/advent_of_code/2024/days/01' for client Neovim 0.10.0-dev.[0m
2024.12.01 08:39:21 WARN  Flyway upgrade recommended: H2 2.3.232 is newer than this version of Flyway and support has not been tested. The latest supported version of H2 is 2.2.224.[0m
2024.12.01 08:39:21 INFO  no build target found for /Users/rick/Documents/workspace/advent_of_code/2024/days/01/day1.scala. Using presentation compiler with project's scala-library version: 3.3.4[0m
2024.12.01 08:39:21 INFO  Attempting to connect to the build server...[0m
2024.12.01 08:39:21 INFO  Running BSP server List(/Users/rick/Library/Caches/Coursier/arc/https/github.com/scala/scala3/releases/download/3.6.1/scala3-3.6.1-aarch64-apple-darwin.tar.gz/libexec/scala-cli, --cli-default-scala-version, 3.6.1, --repository, file:///Users/rick/Library/Caches/Coursier/arc/https/github.com/scala/scala3/releases/download/3.6.1/scala3-3.6.1-aarch64-apple-darwin.tar.gz/maven2, --prog-name, scala, --skip-cli-updates, bsp, --json-options, /Users/rick/Documents/workspace/advent_of_code/2024/days/01/.scala-build/ide-options-v2.json, --json-launcher-options, /Users/rick/Documents/workspace/advent_of_code/2024/days/01/.scala-build/ide-launcher-options.json, --envs-file, /Users/rick/Documents/workspace/advent_of_code/2024/days/01/.scala-build/ide-envs.json, /Users/rick/Documents/workspace/advent_of_code/2024/days/01/day1.scala)[0m
2024.12.01 08:39:21 INFO  tracing is disabled for protocol BSP, to enable tracing of incoming and outgoing JSON messages create an empty file at /Users/rick/Documents/workspace/advent_of_code/2024/days/01/.metals/bsp.trace.json or /Users/rick/Library/Caches/org.scalameta.metals/bsp.trace.json[0m
2024.12.01 08:39:21 INFO  time: Connected to build server in 0.6s[0m
2024.12.01 08:39:21 INFO  Connected to Build server: scala v1.5.1[0m
2024.12.01 08:39:22 INFO  running doctor check[0m
2024.12.01 08:39:22 INFO  java targets: 01_debcb02de5-dfb6a65836-test, 01_debcb02de5-dfb6a65836[0m
2024.12.01 08:39:21 INFO  compiling 01_debcb02de5-dfb6a65836 (1 scala source)[0m
2024.12.01 08:39:22 INFO  time: compiled 01_debcb02de5-dfb6a65836 in 0.42s[0m
2024.12.01 08:39:23 WARN  Flyway upgrade recommended: H2 2.3.232 is newer than this version of Flyway and support has not been tested. The latest supported version of H2 is 2.2.224.[0m
2024.12.01 08:39:23 INFO  time: indexed workspace in 1.91s[0m
2024.12.01 08:39:58 INFO  compiling 01_debcb02de5-dfb6a65836 (1 scala source)[0m
2024.12.01 08:39:58 INFO  time: compiled 01_debcb02de5-dfb6a65836 in 0.19s[0m
2024.12.01 08:40:06 INFO  compiling 01_debcb02de5-dfb6a65836 (1 scala source)[0m
2024.12.01 08:40:06 INFO  time: compiled 01_debcb02de5-dfb6a65836 in 71ms[0m
2024.12.01 08:40:11 INFO  compiling 01_debcb02de5-dfb6a65836 (1 scala source)[0m
2024.12.01 08:40:11 INFO  time: compiled 01_debcb02de5-dfb6a65836 in 0.19s[0m
2024.12.01 08:41:46 ERROR scalafmt: /Users/rick/Documents/workspace/advent_of_code/2024/days/01/day1.scala:12: error: [dialect scala3] declaration requires a type
  val paths = os.list(os.pwd)
  ^[0m
2024.12.01 08:41:46 INFO  compiling 01_debcb02de5-dfb6a65836 (1 scala source)[0m
2024.12.01 08:41:46 INFO  time: compiled 01_debcb02de5-dfb6a65836 in 70ms[0m
2024.12.01 08:41:49 INFO  compiling 01_debcb02de5-dfb6a65836 (1 scala source)[0m
2024.12.01 08:41:49 INFO  time: compiled 01_debcb02de5-dfb6a65836 in 53ms[0m
2024.12.01 08:41:54 INFO  compiling 01_debcb02de5-dfb6a65836 (1 scala source)[0m
2024.12.01 08:41:54 INFO  time: compiled 01_debcb02de5-dfb6a65836 in 0.12s[0m
2024.12.01 08:45:25 INFO  compiling 01_debcb02de5-dfb6a65836 (1 scala source)[0m
2024.12.01 08:45:25 INFO  time: compiled 01_debcb02de5-dfb6a65836 in 78ms[0m
2024.12.01 08:45:56 INFO  compiling 01_debcb02de5-dfb6a65836 (1 scala source)[0m
2024.12.01 08:45:56 INFO  time: compiled 01_debcb02de5-dfb6a65836 in 78ms[0m
2024.12.01 08:47:12 INFO  compiling 01_debcb02de5-dfb6a65836 (1 scala source)[0m
2024.12.01 08:47:12 INFO  time: compiled 01_debcb02de5-dfb6a65836 in 0.38s[0m
2024.12.01 08:47:22 INFO  compiling 01_debcb02de5-dfb6a65836 (1 scala source)[0m
2024.12.01 08:47:22 INFO  time: compiled 01_debcb02de5-dfb6a65836 in 0.19s[0m
2024.12.01 08:49:48 INFO  compiling 01_debcb02de5-dfb6a65836 (1 scala source)[0m
2024.12.01 08:49:48 INFO  time: compiled 01_debcb02de5-dfb6a65836 in 0.19s[0m
2024.12.01 08:50:03 INFO  compiling 01_debcb02de5-dfb6a65836 (1 scala source)[0m
2024.12.01 08:50:03 INFO  time: compiled 01_debcb02de5-dfb6a65836 in 0.13s[0m
2024.12.01 08:50:39 INFO  compiling 01_debcb02de5-dfb6a65836 (1 scala source)[0m
2024.12.01 08:50:39 INFO  time: compiled 01_debcb02de5-dfb6a65836 in 0.3s[0m
2024.12.01 08:52:37 INFO  compiling 01_debcb02de5-dfb6a65836 (1 scala source)[0m
2024.12.01 08:52:37 INFO  time: compiled 01_debcb02de5-dfb6a65836 in 0.18s[0m
2024.12.01 08:55:58 INFO  compiling 01_debcb02de5-dfb6a65836 (1 scala source)[0m
2024.12.01 08:55:58 INFO  time: compiled 01_debcb02de5-dfb6a65836 in 0.15s[0m
2024.12.01 08:56:18 INFO  compiling 01_debcb02de5-dfb6a65836 (1 scala source)[0m
2024.12.01 08:56:18 INFO  time: compiled 01_debcb02de5-dfb6a65836 in 0.12s[0m
2024.12.01 09:20:06 INFO  compiling 01_debcb02de5-dfb6a65836 (1 scala source)[0m
2024.12.01 09:20:06 INFO  time: compiled 01_debcb02de5-dfb6a65836 in 0.28s[0m
2024.12.01 10:44:45 ERROR scalafmt: /Users/rick/Documents/workspace/advent_of_code/2024/days/01/day1.scala:21: error: invalid escape character
  val pattern: Regex = "\d+".r
                         ^[0m
2024.12.01 10:44:45 INFO  compiling 01_debcb02de5-dfb6a65836 (1 scala source)[0m
2024.12.01 10:44:45 INFO  time: compiled 01_debcb02de5-dfb6a65836 in 0.2s[0m
2024.12.01 10:44:59 ERROR scalafmt: /Users/rick/Documents/workspace/advent_of_code/2024/days/01/day1.scala:21: error: invalid escape character
  val pattern: Regex = "\d+".r
                         ^[0m
2024.12.01 10:44:59 INFO  compiling 01_debcb02de5-dfb6a65836 (1 scala source)[0m
2024.12.01 10:44:59 INFO  time: compiled 01_debcb02de5-dfb6a65836 in 0.14s[0m
2024.12.01 10:46:59 ERROR scalafmt: /Users/rick/Documents/workspace/advent_of_code/2024/days/01/day1.scala:22: error: invalid escape character
  val pattern: Regex = "\d+".r
                         ^[0m
2024.12.01 10:47:00 INFO  compiling 01_debcb02de5-dfb6a65836 (1 scala source)[0m
2024.12.01 10:47:00 INFO  time: compiled 01_debcb02de5-dfb6a65836 in 73ms[0m
2024.12.01 10:47:42 ERROR scalafmt: /Users/rick/Documents/workspace/advent_of_code/2024/days/01/day1.scala:22: error: invalid escape character
  val pattern: Regex = "\d+".r
                         ^[0m
2024.12.01 10:47:42 INFO  compiling 01_debcb02de5-dfb6a65836 (1 scala source)[0m
2024.12.01 10:47:42 INFO  time: compiled 01_debcb02de5-dfb6a65836 in 0.17s[0m
2024.12.01 10:47:55 ERROR scalafmt: /Users/rick/Documents/workspace/advent_of_code/2024/days/01/day1.scala:22: error: invalid escape character
  val pattern: Regex = "\d+".r
                         ^[0m
2024.12.01 10:47:56 INFO  compiling 01_debcb02de5-dfb6a65836 (1 scala source)[0m
2024.12.01 10:47:56 INFO  time: compiled 01_debcb02de5-dfb6a65836 in 70ms[0m
2024.12.01 10:48:01 ERROR scalafmt: /Users/rick/Documents/workspace/advent_of_code/2024/days/01/day1.scala:22: error: invalid escape character
  val pattern: Regex = "\d+".r
                         ^[0m
2024.12.01 10:48:01 INFO  compiling 01_debcb02de5-dfb6a65836 (1 scala source)[0m
2024.12.01 10:48:01 INFO  time: compiled 01_debcb02de5-dfb6a65836 in 64ms[0m
2024.12.01 10:48:10 ERROR scalafmt: /Users/rick/Documents/workspace/advent_of_code/2024/days/01/day1.scala:22: error: invalid escape character
  val pattern: Regex = "\d+".r
                         ^[0m
2024.12.01 10:48:11 INFO  compiling 01_debcb02de5-dfb6a65836 (1 scala source)[0m
2024.12.01 10:48:11 INFO  time: compiled 01_debcb02de5-dfb6a65836 in 67ms[0m
2024.12.01 10:48:23 ERROR scalafmt: /Users/rick/Documents/workspace/advent_of_code/2024/days/01/day1.scala:22: error: invalid escape character
  val pattern: Regex = "\d+".r
                         ^[0m
2024.12.01 10:48:23 INFO  compiling 01_debcb02de5-dfb6a65836 (1 scala source)[0m
2024.12.01 10:48:23 INFO  time: compiled 01_debcb02de5-dfb6a65836 in 50ms[0m
2024.12.01 10:48:34 ERROR scalafmt: /Users/rick/Documents/workspace/advent_of_code/2024/days/01/day1.scala:22: error: invalid escape character
  val pattern: Regex = "\d+".r
                         ^[0m
2024.12.01 10:48:34 INFO  compiling 01_debcb02de5-dfb6a65836 (1 scala source)[0m
2024.12.01 10:48:34 INFO  time: compiled 01_debcb02de5-dfb6a65836 in 48ms[0m
2024.12.01 10:48:44 ERROR scalafmt: /Users/rick/Documents/workspace/advent_of_code/2024/days/01/day1.scala:22: error: invalid escape character
  val pattern: Regex = "\d+".r
                         ^[0m
2024.12.01 10:48:44 INFO  compiling 01_debcb02de5-dfb6a65836 (1 scala source)[0m
2024.12.01 10:48:44 INFO  time: compiled 01_debcb02de5-dfb6a65836 in 48ms[0m
2024.12.01 10:49:54 ERROR scalafmt: /Users/rick/Documents/workspace/advent_of_code/2024/days/01/day1.scala:22: error: invalid escape character
  val pattern: Regex = "\d+".r
                         ^[0m
2024.12.01 10:49:54 INFO  compiling 01_debcb02de5-dfb6a65836 (1 scala source)[0m
2024.12.01 10:49:54 INFO  time: compiled 01_debcb02de5-dfb6a65836 in 52ms[0m
2024.12.01 10:50:06 ERROR scalafmt: /Users/rick/Documents/workspace/advent_of_code/2024/days/01/day1.scala:22: error: invalid escape character
  val pattern: Regex = "\d+".r
                         ^[0m
2024.12.01 10:50:06 INFO  compiling 01_debcb02de5-dfb6a65836 (1 scala source)[0m
2024.12.01 10:50:06 INFO  time: compiled 01_debcb02de5-dfb6a65836 in 58ms[0m
2024.12.01 10:50:39 ERROR scalafmt: /Users/rick/Documents/workspace/advent_of_code/2024/days/01/day1.scala:22: error: invalid escape character
  val pattern: Regex = "\d+".r
                         ^[0m
2024.12.01 10:50:39 INFO  compiling 01_debcb02de5-dfb6a65836 (1 scala source)[0m
2024.12.01 10:50:39 INFO  time: compiled 01_debcb02de5-dfb6a65836 in 0.12s[0m
2024.12.01 10:50:51 INFO  Disconnecting from scala session...[0m
2024.12.01 10:50:51 INFO  Shut down connection with build server.[0m
2024.12.01 10:50:51 INFO  Attempting to connect to the build server...[0m
2024.12.01 10:50:51 INFO  Running BSP server List(/Users/rick/Library/Caches/Coursier/arc/https/github.com/scala/scala3/releases/download/3.6.1/scala3-3.6.1-aarch64-apple-darwin.tar.gz/libexec/scala-cli, --cli-default-scala-version, 3.6.1, --repository, file:///Users/rick/Library/Caches/Coursier/arc/https/github.com/scala/scala3/releases/download/3.6.1/scala3-3.6.1-aarch64-apple-darwin.tar.gz/maven2, --prog-name, scala, --skip-cli-updates, bsp, --json-options, /Users/rick/Documents/workspace/advent_of_code/2024/days/01/.scala-build/ide-options-v2.json, --json-launcher-options, /Users/rick/Documents/workspace/advent_of_code/2024/days/01/.scala-build/ide-launcher-options.json, --envs-file, /Users/rick/Documents/workspace/advent_of_code/2024/days/01/.scala-build/ide-envs.json, /Users/rick/Documents/workspace/advent_of_code/2024/days/01/day1.scala)[0m
2024.12.01 10:50:51 INFO  tracing is disabled for protocol BSP, to enable tracing of incoming and outgoing JSON messages create an empty file at /Users/rick/Documents/workspace/advent_of_code/2024/days/01/.metals/bsp.trace.json or /Users/rick/Library/Caches/org.scalameta.metals/bsp.trace.json[0m
2024.12.01 10:50:51 INFO  time: Connected to build server in 0.82s[0m
2024.12.01 10:50:51 INFO  Connected to Build server: scala v1.5.1[0m
2024.12.01 10:50:52 INFO  running doctor check[0m
2024.12.01 10:50:52 INFO  java targets: 01_debcb02de5-dfb6a65836-test, 01_debcb02de5-dfb6a65836[0m
2024.12.01 10:50:51 INFO  compiling 01_debcb02de5-dfb6a65836 (1 scala source)[0m
2024.12.01 10:50:52 INFO  time: compiled 01_debcb02de5-dfb6a65836 in 62ms[0m
2024.12.01 10:50:52 INFO  compiling 01_debcb02de5-dfb6a65836 (1 scala source)[0m
2024.12.01 10:50:52 INFO  time: compiled 01_debcb02de5-dfb6a65836 in 45ms[0m
2024.12.01 10:50:52 INFO  time: indexed workspace in 0.79s[0m
2024.12.01 10:50:52 INFO  compiling 01_debcb02de5-dfb6a65836 (1 scala source)[0m
2024.12.01 10:50:52 INFO  time: compiled 01_debcb02de5-dfb6a65836 in 54ms[0m
2024.12.01 10:50:55 ERROR scalafmt: /Users/rick/Documents/workspace/advent_of_code/2024/days/01/day1.scala:22: error: invalid escape character
  val pattern: Regex = "\d+".r
                         ^[0m
2024.12.01 10:50:55 INFO  compiling 01_debcb02de5-dfb6a65836 (1 scala source)[0m
2024.12.01 10:50:55 INFO  time: compiled 01_debcb02de5-dfb6a65836 in 39ms[0m
2024.12.01 10:51:07 ERROR scalafmt: /Users/rick/Documents/workspace/advent_of_code/2024/days/01/day1.scala:23: error: invalid escape character
  val pattern: Regex = "\d+".r
                         ^[0m
2024.12.01 10:51:07 INFO  compiling 01_debcb02de5-dfb6a65836 (1 scala source)[0m
2024.12.01 10:51:07 INFO  time: compiled 01_debcb02de5-dfb6a65836 in 50ms[0m
2024.12.01 10:51:27 ERROR scalafmt: /Users/rick/Documents/workspace/advent_of_code/2024/days/01/day1.scala:23: error: invalid escape character
  val pattern: Regex = "\d+".r
                         ^[0m
2024.12.01 10:51:27 INFO  compiling 01_debcb02de5-dfb6a65836 (1 scala source)[0m
2024.12.01 10:51:27 INFO  time: compiled 01_debcb02de5-dfb6a65836 in 49ms[0m
2024.12.01 10:51:32 ERROR scalafmt: /Users/rick/Documents/workspace/advent_of_code/2024/days/01/day1.scala:23: error: invalid escape character
  val pattern: Regex = "\d+"
                         ^[0m
2024.12.01 10:51:32 INFO  compiling 01_debcb02de5-dfb6a65836 (1 scala source)[0m
2024.12.01 10:51:32 INFO  time: compiled 01_debcb02de5-dfb6a65836 in 50ms[0m
2024.12.01 10:51:36 INFO  compiling 01_debcb02de5-dfb6a65836 (1 scala source)[0m
2024.12.01 10:51:36 INFO  time: compiled 01_debcb02de5-dfb6a65836 in 0.12s[0m
2024.12.01 10:51:48 ERROR scalafmt: /Users/rick/Documents/workspace/advent_of_code/2024/days/01/day1.scala:22: error: invalid escape character
  val pattern: Regex = "\d+"
                         ^[0m
2024.12.01 10:51:48 INFO  compiling 01_debcb02de5-dfb6a65836 (1 scala source)[0m
2024.12.01 10:51:48 INFO  time: compiled 01_debcb02de5-dfb6a65836 in 55ms[0m
2024.12.01 10:51:55 ERROR scalafmt: /Users/rick/Documents/workspace/advent_of_code/2024/days/01/day1.scala:22: error: invalid escape character
  val pattern: Regex = "\d+"
                         ^[0m
2024.12.01 10:51:55 INFO  compiling 01_debcb02de5-dfb6a65836 (1 scala source)[0m
2024.12.01 10:51:55 INFO  time: compiled 01_debcb02de5-dfb6a65836 in 46ms[0m
2024.12.01 10:53:26 ERROR scalafmt: /Users/rick/Documents/workspace/advent_of_code/2024/days/01/day1.scala:22: error: invalid escape character
  val pattern: Regex = "\d+"
                         ^[0m
2024.12.01 10:53:26 INFO  compiling 01_debcb02de5-dfb6a65836 (1 scala source)[0m
2024.12.01 10:53:26 INFO  time: compiled 01_debcb02de5-dfb6a65836 in 50ms[0m
2024.12.01 10:54:17 INFO  compiling 01_debcb02de5-dfb6a65836 (1 scala source)[0m
2024.12.01 10:54:17 INFO  time: compiled 01_debcb02de5-dfb6a65836 in 0.12s[0m
2024.12.01 10:54:30 INFO  compiling 01_debcb02de5-dfb6a65836 (1 scala source)[0m
2024.12.01 10:54:30 INFO  time: compiled 01_debcb02de5-dfb6a65836 in 0.28s[0m
2024.12.01 10:54:45 INFO  compiling 01_debcb02de5-dfb6a65836 (1 scala source)[0m
2024.12.01 10:54:45 INFO  time: compiled 01_debcb02de5-dfb6a65836 in 0.14s[0m
2024.12.01 10:55:04 INFO  compiling 01_debcb02de5-dfb6a65836 (1 scala source)[0m
2024.12.01 10:55:04 INFO  time: compiled 01_debcb02de5-dfb6a65836 in 0.15s[0m
2024.12.01 10:55:30 INFO  compiling 01_debcb02de5-dfb6a65836 (1 scala source)[0m
2024.12.01 10:55:30 INFO  time: compiled 01_debcb02de5-dfb6a65836 in 0.14s[0m
2024.12.01 10:55:52 INFO  compiling 01_debcb02de5-dfb6a65836 (1 scala source)[0m
2024.12.01 10:55:52 INFO  time: compiled 01_debcb02de5-dfb6a65836 in 0.11s[0m
2024.12.01 10:56:28 INFO  compiling 01_debcb02de5-dfb6a65836 (1 scala source)[0m
2024.12.01 10:56:28 INFO  time: compiled 01_debcb02de5-dfb6a65836 in 55ms[0m
2024.12.01 10:56:41 INFO  BSP server: os.PathError$LastOnEmptyPath: empty path has no last segment[0m
2024.12.01 10:56:41 INFO  BSP server: 	at os.PathError$LastOnEmptyPath$.apply(Path.scala:228)[0m
2024.12.01 10:56:41 INFO  BSP server: 	at os.BasePathImpl.last$$anonfun$1(Path.scala:210)[0m
2024.12.01 10:56:41 INFO  BSP server: 	at scala.Option.getOrElse(Option.scala:201)[0m
2024.12.01 10:56:41 INFO  BSP server: 	at os.BasePathImpl.last(Path.scala:210)[0m
2024.12.01 10:56:41 INFO  BSP server: 	at os.BasePathImpl.last$(Path.scala:190)[0m
2024.12.01 10:56:41 INFO  BSP server: 	at os.RelPath.last(Path.scala:261)[0m
2024.12.01 10:56:41 INFO  BSP server: 	at scala.build.bsp.BloopSession.isScalaFile$1(BloopSession.scala:40)[0m
2024.12.01 10:56:41 INFO  BSP server: 	at scala.build.bsp.BloopSession.$anonfun$1(BloopSession.scala:42)[0m
2024.12.01 10:56:41 INFO  BSP server: 	at scala.build.bsp.BloopSession.registerWatchInputs$$anonfun$1$$anonfun$1(BloopSession.scala:48)[0m
2024.12.01 10:56:41 INFO  BSP server: 	at scala.runtime.function.JProcedure1.apply(JProcedure1.java:15)[0m
2024.12.01 10:56:41 INFO  BSP server: 	at scala.runtime.function.JProcedure1.apply(JProcedure1.java:10)[0m
2024.12.01 10:56:41 INFO  BSP server: 	at scala.build.Build$$anon$2.onNext(Build.scala:1244)[0m
2024.12.01 10:56:41 INFO  BSP server: 	at scala.build.Build$$anon$2.onNext(Build.scala:1243)[0m
2024.12.01 10:56:41 INFO  BSP server: 	at com.swoval.files.Observers.onNext(Observers.java:31)[0m
2024.12.01 10:56:41 INFO  BSP server: 	at com.swoval.files.SymlinkFollowingPathWatcher$1.onNext(SymlinkFollowingPathWatcher.java:58)[0m
2024.12.01 10:56:41 INFO  BSP server: 	at com.swoval.files.SymlinkFollowingPathWatcher$1.onNext(SymlinkFollowingPathWatcher.java:36)[0m
2024.12.01 10:56:41 INFO  BSP server: 	at com.swoval.files.Observers.onNext(Observers.java:31)[0m
2024.12.01 10:56:41 INFO  BSP server: 	at com.swoval.files.ApplePathWatcher$1.accept(ApplePathWatcher.java:287)[0m
2024.12.01 10:56:41 INFO  BSP server: 	at com.swoval.files.ApplePathWatcher$1.accept(ApplePathWatcher.java:261)[0m
2024.12.01 10:56:41 INFO  BSP server: 	at com.swoval.files.apple.FileEventMonitorImpl$WrappedConsumer$1.run(FileEventMonitors.java:178)[0m
2024.12.01 10:56:41 INFO  BSP server: 	at java.base@17.0.6/java.util.concurrent.Executors$RunnableAdapter.call(Executors.java:539)[0m
2024.12.01 10:56:41 INFO  BSP server: 	at java.base@17.0.6/java.util.concurrent.FutureTask.run(FutureTask.java:264)[0m
2024.12.01 10:56:41 INFO  BSP server: 	at java.base@17.0.6/java.util.concurrent.ThreadPoolExecutor.runWorker(ThreadPoolExecutor.java:1136)[0m
2024.12.01 10:56:41 INFO  BSP server: 	at java.base@17.0.6/java.util.concurrent.ThreadPoolExecutor$Worker.run(ThreadPoolExecutor.java:635)[0m
2024.12.01 10:56:41 INFO  BSP server: 	at java.base@17.0.6/java.lang.Thread.run(Thread.java:833)[0m
2024.12.01 10:56:41 INFO  BSP server: 	at com.oracle.svm.core.thread.PlatformThreads.threadStartRoutine(PlatformThreads.java:775)[0m
2024.12.01 10:56:41 INFO  BSP server: 	at com.oracle.svm.core.posix.thread.PosixPlatformThreads.pthreadStartRoutine(PosixPlatformThreads.java:203)[0m
2024.12.01 10:56:41 INFO  compiling 01_debcb02de5-dfb6a65836 (1 scala source)[0m
2024.12.01 10:56:41 INFO  time: compiled 01_debcb02de5-dfb6a65836 in 55ms[0m
2024.12.01 10:56:51 INFO  compiling 01_debcb02de5-dfb6a65836 (1 scala source)[0m
2024.12.01 10:56:51 INFO  time: compiled 01_debcb02de5-dfb6a65836 in 50ms[0m
2024.12.01 10:56:57 INFO  compiling 01_debcb02de5-dfb6a65836 (1 scala source)[0m
2024.12.01 10:56:57 INFO  time: compiled 01_debcb02de5-dfb6a65836 in 47ms[0m
2024.12.01 10:59:26 INFO  compiling 01_debcb02de5-dfb6a65836 (1 scala source)[0m
2024.12.01 10:59:26 INFO  time: compiled 01_debcb02de5-dfb6a65836 in 0.12s[0m
2024.12.01 11:00:08 INFO  compiling 01_debcb02de5-dfb6a65836 (1 scala source)[0m
2024.12.01 11:00:08 INFO  time: compiled 01_debcb02de5-dfb6a65836 in 61ms[0m
2024.12.01 11:00:10 INFO  compiling 01_debcb02de5-dfb6a65836 (1 scala source)[0m
2024.12.01 11:00:10 INFO  time: compiled 01_debcb02de5-dfb6a65836 in 0.12s[0m
2024.12.01 11:02:39 INFO  compiling 01_debcb02de5-dfb6a65836 (1 scala source)[0m
2024.12.01 11:02:39 INFO  time: compiled 01_debcb02de5-dfb6a65836 in 0.14s[0m
2024.12.01 11:02:51 INFO  compiling 01_debcb02de5-dfb6a65836 (1 scala source)[0m
2024.12.01 11:02:51 INFO  time: compiled 01_debcb02de5-dfb6a65836 in 0.1s[0m
2024.12.01 11:03:14 INFO  compiling 01_debcb02de5-dfb6a65836 (1 scala source)[0m
2024.12.01 11:03:14 INFO  time: compiled 01_debcb02de5-dfb6a65836 in 55ms[0m
2024.12.01 11:03:21 INFO  compiling 01_debcb02de5-dfb6a65836 (1 scala source)[0m
2024.12.01 11:03:21 INFO  time: compiled 01_debcb02de5-dfb6a65836 in 0.12s[0m
2024.12.01 11:03:26 INFO  compiling 01_debcb02de5-dfb6a65836 (1 scala source)[0m
2024.12.01 11:03:26 INFO  time: compiled 01_debcb02de5-dfb6a65836 in 0.14s[0m
2024.12.01 11:03:51 INFO  compiling 01_debcb02de5-dfb6a65836 (1 scala source)[0m
2024.12.01 11:03:51 INFO  time: compiled 01_debcb02de5-dfb6a65836 in 0.13s[0m
2024.12.01 11:04:32 INFO  compiling 01_debcb02de5-dfb6a65836 (1 scala source)[0m
2024.12.01 11:04:32 INFO  time: compiled 01_debcb02de5-dfb6a65836 in 0.14s[0m
2024.12.01 11:04:43 INFO  compiling 01_debcb02de5-dfb6a65836 (1 scala source)[0m
2024.12.01 11:04:43 INFO  time: compiled 01_debcb02de5-dfb6a65836 in 0.11s[0m
2024.12.01 11:04:46 INFO  compiling 01_debcb02de5-dfb6a65836 (1 scala source)[0m
2024.12.01 11:04:46 INFO  time: compiled 01_debcb02de5-dfb6a65836 in 87ms[0m
2024.12.01 11:07:40 INFO  compiling 01_debcb02de5-dfb6a65836 (1 scala source)[0m
2024.12.01 11:07:40 INFO  time: compiled 01_debcb02de5-dfb6a65836 in 99ms[0m
2024.12.01 11:08:18 ERROR scalafmt: /Users/rick/Documents/workspace/advent_of_code/2024/days/01/day1.scala:19: error: [dialect scala3] identifier expected but ] found
  val left: Array[Int] = Array[](lines.length)
                               ^[0m
2024.12.01 11:08:18 INFO  compiling 01_debcb02de5-dfb6a65836 (1 scala source)[0m
2024.12.01 11:08:18 INFO  time: compiled 01_debcb02de5-dfb6a65836 in 0.12s[0m
2024.12.01 11:08:23 INFO  compiling 01_debcb02de5-dfb6a65836 (1 scala source)[0m
2024.12.01 11:08:23 INFO  time: compiled 01_debcb02de5-dfb6a65836 in 0.11s[0m
2024.12.01 11:08:27 INFO  compiling 01_debcb02de5-dfb6a65836 (1 scala source)[0m
2024.12.01 11:08:27 INFO  time: compiled 01_debcb02de5-dfb6a65836 in 0.1s[0m
2024.12.01 11:08:36 INFO  compiling 01_debcb02de5-dfb6a65836 (1 scala source)[0m
2024.12.01 11:08:36 INFO  time: compiled 01_debcb02de5-dfb6a65836 in 0.22s[0m
2024.12.01 11:08:50 INFO  compiling 01_debcb02de5-dfb6a65836 (1 scala source)[0m
2024.12.01 11:08:50 INFO  time: compiled 01_debcb02de5-dfb6a65836 in 0.17s[0m
2024.12.01 11:13:55 INFO  compiling 01_debcb02de5-dfb6a65836 (1 scala source)[0m
2024.12.01 11:13:55 INFO  time: compiled 01_debcb02de5-dfb6a65836 in 0.15s[0m
2024.12.01 11:14:09 INFO  compiling 01_debcb02de5-dfb6a65836 (1 scala source)[0m
2024.12.01 11:14:09 INFO  time: compiled 01_debcb02de5-dfb6a65836 in 0.12s[0m
2024.12.01 11:15:11 INFO  compiling 01_debcb02de5-dfb6a65836 (1 scala source)[0m
2024.12.01 11:15:11 INFO  time: compiled 01_debcb02de5-dfb6a65836 in 0.17s[0m
2024.12.01 11:18:19 INFO  compiling 01_debcb02de5-dfb6a65836 (1 scala source)[0m
2024.12.01 11:18:19 INFO  time: compiled 01_debcb02de5-dfb6a65836 in 0.15s[0m
2024.12.01 11:18:25 INFO  BSP server: os.PathError$LastOnEmptyPath: empty path has no last segment[0m
2024.12.01 11:18:25 INFO  BSP server: 	at os.PathError$LastOnEmptyPath$.apply(Path.scala:228)[0m
2024.12.01 11:18:25 INFO  BSP server: 	at os.BasePathImpl.last$$anonfun$1(Path.scala:210)[0m
2024.12.01 11:18:25 INFO  BSP server: 	at scala.Option.getOrElse(Option.scala:201)[0m
2024.12.01 11:18:25 INFO  BSP server: 	at os.BasePathImpl.last(Path.scala:210)[0m
2024.12.01 11:18:25 INFO  BSP server: 	at os.BasePathImpl.last$(Path.scala:190)[0m
2024.12.01 11:18:25 INFO  BSP server: 	at os.RelPath.last(Path.scala:261)[0m
2024.12.01 11:18:25 INFO  BSP server: 	at scala.build.bsp.BloopSession.isScalaFile$1(BloopSession.scala:40)[0m
2024.12.01 11:18:25 INFO  BSP server: 	at scala.build.bsp.BloopSession.$anonfun$1(BloopSession.scala:42)[0m
2024.12.01 11:18:25 INFO  BSP server: 	at scala.build.bsp.BloopSession.registerWatchInputs$$anonfun$1$$anonfun$1(BloopSession.scala:48)[0m
2024.12.01 11:18:25 INFO  BSP server: 	at scala.runtime.function.JProcedure1.apply(JProcedure1.java:15)[0m
2024.12.01 11:18:25 INFO  BSP server: 	at scala.runtime.function.JProcedure1.apply(JProcedure1.java:10)[0m
2024.12.01 11:18:25 INFO  BSP server: 	at scala.build.Build$$anon$2.onNext(Build.scala:1244)[0m
2024.12.01 11:18:25 INFO  BSP server: 	at scala.build.Build$$anon$2.onNext(Build.scala:1243)[0m
2024.12.01 11:18:25 INFO  BSP server: 	at com.swoval.files.Observers.onNext(Observers.java:31)[0m
2024.12.01 11:18:25 INFO  BSP server: 	at com.swoval.files.SymlinkFollowingPathWatcher$1.onNext(SymlinkFollowingPathWatcher.java:58)[0m
2024.12.01 11:18:25 INFO  BSP server: 	at com.swoval.files.SymlinkFollowingPathWatcher$1.onNext(SymlinkFollowingPathWatcher.java:36)[0m
2024.12.01 11:18:25 INFO  BSP server: 	at com.swoval.files.Observers.onNext(Observers.java:31)[0m
2024.12.01 11:18:25 INFO  BSP server: 	at com.swoval.files.ApplePathWatcher$1.accept(ApplePathWatcher.java:287)[0m
2024.12.01 11:18:25 INFO  BSP server: 	at com.swoval.files.ApplePathWatcher$1.accept(ApplePathWatcher.java:261)[0m
2024.12.01 11:18:25 INFO  BSP server: 	at com.swoval.files.apple.FileEventMonitorImpl$WrappedConsumer$1.run(FileEventMonitors.java:178)[0m
2024.12.01 11:18:25 INFO  BSP server: 	at java.base@17.0.6/java.util.concurrent.Executors$RunnableAdapter.call(Executors.java:539)[0m
2024.12.01 11:18:25 INFO  BSP server: 	at java.base@17.0.6/java.util.concurrent.FutureTask.run(FutureTask.java:264)[0m
2024.12.01 11:18:25 INFO  BSP server: 	at java.base@17.0.6/java.util.concurrent.ThreadPoolExecutor.runWorker(ThreadPoolExecutor.java:1136)[0m
2024.12.01 11:18:25 INFO  BSP server: 	at java.base@17.0.6/java.util.concurrent.ThreadPoolExecutor$Worker.run(ThreadPoolExecutor.java:635)[0m
2024.12.01 11:18:25 INFO  BSP server: 	at java.base@17.0.6/java.lang.Thread.run(Thread.java:833)[0m
2024.12.01 11:18:25 INFO  BSP server: 	at com.oracle.svm.core.thread.PlatformThreads.threadStartRoutine(PlatformThreads.java:775)[0m
2024.12.01 11:18:25 INFO  BSP server: 	at com.oracle.svm.core.posix.thread.PosixPlatformThreads.pthreadStartRoutine(PosixPlatformThreads.java:203)[0m
2024.12.01 11:18:25 INFO  compiling 01_debcb02de5-dfb6a65836 (1 scala source)[0m
2024.12.01 11:18:25 INFO  time: compiled 01_debcb02de5-dfb6a65836 in 0.19s[0m
2024.12.01 11:18:30 INFO  BSP server: os.PathError$LastOnEmptyPath: empty path has no last segment[0m
2024.12.01 11:18:30 INFO  BSP server: 	at os.PathError$LastOnEmptyPath$.apply(Path.scala:228)[0m
2024.12.01 11:18:30 INFO  BSP server: 	at os.BasePathImpl.last$$anonfun$1(Path.scala:210)[0m
2024.12.01 11:18:30 INFO  BSP server: 	at scala.Option.getOrElse(Option.scala:201)[0m
2024.12.01 11:18:30 INFO  BSP server: 	at os.BasePathImpl.last(Path.scala:210)[0m
2024.12.01 11:18:30 INFO  BSP server: 	at os.BasePathImpl.last$(Path.scala:190)[0m
2024.12.01 11:18:30 INFO  BSP server: 	at os.RelPath.last(Path.scala:261)[0m
2024.12.01 11:18:30 INFO  BSP server: 	at scala.build.bsp.BloopSession.isScalaFile$1(BloopSession.scala:40)[0m
2024.12.01 11:18:30 INFO  BSP server: 	at scala.build.bsp.BloopSession.$anonfun$1(BloopSession.scala:42)[0m
2024.12.01 11:18:30 INFO  BSP server: 	at scala.build.bsp.BloopSession.registerWatchInputs$$anonfun$1$$anonfun$1(BloopSession.scala:48)[0m
2024.12.01 11:18:30 INFO  BSP server: 	at scala.runtime.function.JProcedure1.apply(JProcedure1.java:15)[0m
2024.12.01 11:18:30 INFO  BSP server: 	at scala.runtime.function.JProcedure1.apply(JProcedure1.java:10)[0m
2024.12.01 11:18:30 INFO  BSP server: 	at scala.build.Build$$anon$2.onNext(Build.scala:1244)[0m
2024.12.01 11:18:30 INFO  BSP server: 	at scala.build.Build$$anon$2.onNext(Build.scala:1243)[0m
2024.12.01 11:18:30 INFO  BSP server: 	at com.swoval.files.Observers.onNext(Observers.java:31)[0m
2024.12.01 11:18:30 INFO  BSP server: 	at com.swoval.files.SymlinkFollowingPathWatcher$1.onNext(SymlinkFollowingPathWatcher.java:58)[0m
2024.12.01 11:18:30 INFO  BSP server: 	at com.swoval.files.SymlinkFollowingPathWatcher$1.onNext(SymlinkFollowingPathWatcher.java:36)[0m
2024.12.01 11:18:30 INFO  BSP server: 	at com.swoval.files.Observers.onNext(Observers.java:31)[0m
2024.12.01 11:18:30 INFO  BSP server: 	at com.swoval.files.ApplePathWatcher$1.accept(ApplePathWatcher.java:287)[0m
2024.12.01 11:18:30 INFO  BSP server: 	at com.swoval.files.ApplePathWatcher$1.accept(ApplePathWatcher.java:261)[0m
2024.12.01 11:18:30 INFO  BSP server: 	at com.swoval.files.apple.FileEventMonitorImpl$WrappedConsumer$1.run(FileEventMonitors.java:178)[0m
2024.12.01 11:18:30 INFO  BSP server: 	at java.base@17.0.6/java.util.concurrent.Executors$RunnableAdapter.call(Executors.java:539)[0m
2024.12.01 11:18:30 INFO  BSP server: 	at java.base@17.0.6/java.util.concurrent.FutureTask.run(FutureTask.java:264)[0m
2024.12.01 11:18:30 INFO  BSP server: 	at java.base@17.0.6/java.util.concurrent.ThreadPoolExecutor.runWorker(ThreadPoolExecutor.java:1136)[0m
2024.12.01 11:18:30 INFO  BSP server: 	at java.base@17.0.6/java.util.concurrent.ThreadPoolExecutor$Worker.run(ThreadPoolExecutor.java:635)[0m
2024.12.01 11:18:30 INFO  BSP server: 	at java.base@17.0.6/java.lang.Thread.run(Thread.java:833)[0m
2024.12.01 11:18:30 INFO  BSP server: 	at com.oracle.svm.core.thread.PlatformThreads.threadStartRoutine(PlatformThreads.java:775)[0m
2024.12.01 11:18:30 INFO  BSP server: 	at com.oracle.svm.core.posix.thread.PosixPlatformThreads.pthreadStartRoutine(PosixPlatformThreads.java:203)[0m
2024.12.01 11:18:30 INFO  compiling 01_debcb02de5-dfb6a65836 (1 scala source)[0m
2024.12.01 11:18:30 INFO  time: compiled 01_debcb02de5-dfb6a65836 in 0.1s[0m
2024.12.01 11:18:43 INFO  compiling 01_debcb02de5-dfb6a65836 (1 scala source)[0m
2024.12.01 11:18:43 INFO  time: compiled 01_debcb02de5-dfb6a65836 in 0.12s[0m
2024.12.01 11:18:50 INFO  compiling 01_debcb02de5-dfb6a65836 (1 scala source)[0m
2024.12.01 11:18:50 INFO  time: compiled 01_debcb02de5-dfb6a65836 in 0.12s[0m
2024.12.01 11:19:43 INFO  compiling 01_debcb02de5-dfb6a65836 (1 scala source)[0m
2024.12.01 11:19:43 INFO  time: compiled 01_debcb02de5-dfb6a65836 in 0.11s[0m
2024.12.01 11:19:51 INFO  BSP server: os.PathError$LastOnEmptyPath: empty path has no last segment[0m
2024.12.01 11:19:51 INFO  BSP server: 	at os.PathError$LastOnEmptyPath$.apply(Path.scala:228)[0m
2024.12.01 11:19:51 INFO  BSP server: 	at os.BasePathImpl.last$$anonfun$1(Path.scala:210)[0m
2024.12.01 11:19:51 INFO  BSP server: 	at scala.Option.getOrElse(Option.scala:201)[0m
2024.12.01 11:19:51 INFO  BSP server: 	at os.BasePathImpl.last(Path.scala:210)[0m
2024.12.01 11:19:51 INFO  BSP server: 	at os.BasePathImpl.last$(Path.scala:190)[0m
2024.12.01 11:19:51 INFO  BSP server: 	at os.RelPath.last(Path.scala:261)[0m
2024.12.01 11:19:51 INFO  BSP server: 	at scala.build.bsp.BloopSession.isScalaFile$1(BloopSession.scala:40)[0m
2024.12.01 11:19:51 INFO  BSP server: 	at scala.build.bsp.BloopSession.$anonfun$1(BloopSession.scala:42)[0m
2024.12.01 11:19:51 INFO  BSP server: 	at scala.build.bsp.BloopSession.registerWatchInputs$$anonfun$1$$anonfun$1(BloopSession.scala:48)[0m
2024.12.01 11:19:51 INFO  BSP server: 	at scala.runtime.function.JProcedure1.apply(JProcedure1.java:15)[0m
2024.12.01 11:19:51 INFO  BSP server: 	at scala.runtime.function.JProcedure1.apply(JProcedure1.java:10)[0m
2024.12.01 11:19:51 INFO  BSP server: 	at scala.build.Build$$anon$2.onNext(Build.scala:1244)[0m
2024.12.01 11:19:51 INFO  BSP server: 	at scala.build.Build$$anon$2.onNext(Build.scala:1243)[0m
2024.12.01 11:19:51 INFO  BSP server: 	at com.swoval.files.Observers.onNext(Observers.java:31)[0m
2024.12.01 11:19:51 INFO  BSP server: 	at com.swoval.files.SymlinkFollowingPathWatcher$1.onNext(SymlinkFollowingPathWatcher.java:58)[0m
2024.12.01 11:19:51 INFO  BSP server: 	at com.swoval.files.SymlinkFollowingPathWatcher$1.onNext(SymlinkFollowingPathWatcher.java:36)[0m
2024.12.01 11:19:51 INFO  BSP server: 	at com.swoval.files.Observers.onNext(Observers.java:31)[0m
2024.12.01 11:19:51 INFO  BSP server: 	at com.swoval.files.ApplePathWatcher$1.accept(ApplePathWatcher.java:287)[0m
2024.12.01 11:19:51 INFO  BSP server: 	at com.swoval.files.ApplePathWatcher$1.accept(ApplePathWatcher.java:261)[0m
2024.12.01 11:19:51 INFO  BSP server: 	at com.swoval.files.apple.FileEventMonitorImpl$WrappedConsumer$1.run(FileEventMonitors.java:178)[0m
2024.12.01 11:19:51 INFO  BSP server: 	at java.base@17.0.6/java.util.concurrent.Executors$RunnableAdapter.call(Executors.java:539)[0m
2024.12.01 11:19:51 INFO  BSP server: 	at java.base@17.0.6/java.util.concurrent.FutureTask.run(FutureTask.java:264)[0m
2024.12.01 11:19:51 INFO  BSP server: 	at java.base@17.0.6/java.util.concurrent.ThreadPoolExecutor.runWorker(ThreadPoolExecutor.java:1136)[0m
2024.12.01 11:19:51 INFO  BSP server: 	at java.base@17.0.6/java.util.concurrent.ThreadPoolExecutor$Worker.run(ThreadPoolExecutor.java:635)[0m
2024.12.01 11:19:51 INFO  BSP server: 	at java.base@17.0.6/java.lang.Thread.run(Thread.java:833)[0m
2024.12.01 11:19:51 INFO  BSP server: 	at com.oracle.svm.core.thread.PlatformThreads.threadStartRoutine(PlatformThreads.java:775)[0m
2024.12.01 11:19:51 INFO  BSP server: 	at com.oracle.svm.core.posix.thread.PosixPlatformThreads.pthreadStartRoutine(PosixPlatformThreads.java:203)[0m
2024.12.01 11:19:51 INFO  compiling 01_debcb02de5-dfb6a65836 (1 scala source)[0m
2024.12.01 11:19:51 INFO  time: compiled 01_debcb02de5-dfb6a65836 in 0.11s[0m
2024.12.01 11:19:55 INFO  compiling 01_debcb02de5-dfb6a65836 (1 scala source)[0m
2024.12.01 11:19:55 INFO  time: compiled 01_debcb02de5-dfb6a65836 in 0.1s[0m
2024.12.01 11:19:57 INFO  compiling 01_debcb02de5-dfb6a65836 (1 scala source)[0m
2024.12.01 11:19:57 INFO  time: compiled 01_debcb02de5-dfb6a65836 in 0.1s[0m
2024.12.01 11:21:02 INFO  compiling 01_debcb02de5-dfb6a65836 (1 scala source)[0m
2024.12.01 11:21:02 INFO  time: compiled 01_debcb02de5-dfb6a65836 in 0.12s[0m
2024.12.01 11:21:28 INFO  compiling 01_debcb02de5-dfb6a65836 (1 scala source)[0m
2024.12.01 11:21:28 INFO  time: compiled 01_debcb02de5-dfb6a65836 in 0.1s[0m
2024.12.01 11:21:46 INFO  compiling 01_debcb02de5-dfb6a65836 (1 scala source)[0m
2024.12.01 11:21:46 INFO  time: compiled 01_debcb02de5-dfb6a65836 in 0.18s[0m
2024.12.01 11:22:04 INFO  compiling 01_debcb02de5-dfb6a65836 (1 scala source)[0m
2024.12.01 11:22:04 INFO  time: compiled 01_debcb02de5-dfb6a65836 in 0.11s[0m
2024.12.01 11:22:23 INFO  compiling 01_debcb02de5-dfb6a65836 (1 scala source)[0m
2024.12.01 11:22:23 INFO  time: compiled 01_debcb02de5-dfb6a65836 in 0.1s[0m
2024.12.01 11:22:32 INFO  compiling 01_debcb02de5-dfb6a65836 (1 scala source)[0m
2024.12.01 11:22:32 INFO  time: compiled 01_debcb02de5-dfb6a65836 in 0.1s[0m
2024.12.01 11:22:45 INFO  compiling 01_debcb02de5-dfb6a65836 (1 scala source)[0m
2024.12.01 11:22:45 INFO  time: compiled 01_debcb02de5-dfb6a65836 in 0.1s[0m
2024.12.01 11:24:04 INFO  compiling 01_debcb02de5-dfb6a65836 (1 scala source)[0m
2024.12.01 11:24:04 INFO  time: compiled 01_debcb02de5-dfb6a65836 in 0.16s[0m
2024.12.01 11:24:16 INFO  compiling 01_debcb02de5-dfb6a65836 (1 scala source)[0m
2024.12.01 11:24:16 INFO  time: compiled 01_debcb02de5-dfb6a65836 in 0.1s[0m
2024.12.01 11:25:08 INFO  compiling 01_debcb02de5-dfb6a65836 (1 scala source)[0m
2024.12.01 11:25:08 INFO  time: compiled 01_debcb02de5-dfb6a65836 in 53ms[0m
2024.12.01 11:25:39 INFO  compiling 01_debcb02de5-dfb6a65836 (1 scala source)[0m
2024.12.01 11:25:39 INFO  time: compiled 01_debcb02de5-dfb6a65836 in 58ms[0m
2024.12.01 11:25:42 INFO  compiling 01_debcb02de5-dfb6a65836 (1 scala source)[0m
2024.12.01 11:25:42 INFO  time: compiled 01_debcb02de5-dfb6a65836 in 53ms[0m
2024.12.01 11:33:41 INFO  compiling 01_debcb02de5-dfb6a65836 (1 scala source)[0m
2024.12.01 11:33:41 INFO  time: compiled 01_debcb02de5-dfb6a65836 in 0.14s[0m
2024.12.01 11:33:59 INFO  compiling 01_debcb02de5-dfb6a65836 (1 scala source)[0m
2024.12.01 11:33:59 INFO  time: compiled 01_debcb02de5-dfb6a65836 in 0.11s[0m
2024.12.01 11:34:22 INFO  compiling 01_debcb02de5-dfb6a65836 (1 scala source)[0m
2024.12.01 11:34:22 INFO  time: compiled 01_debcb02de5-dfb6a65836 in 0.1s[0m
2024.12.01 11:34:54 INFO  compiling 01_debcb02de5-dfb6a65836 (1 scala source)[0m
2024.12.01 11:34:54 INFO  time: compiled 01_debcb02de5-dfb6a65836 in 0.11s[0m
2024.12.01 11:35:10 INFO  compiling 01_debcb02de5-dfb6a65836 (1 scala source)[0m
2024.12.01 11:35:10 INFO  time: compiled 01_debcb02de5-dfb6a65836 in 0.1s[0m
2024.12.01 11:35:58 INFO  compiling 01_debcb02de5-dfb6a65836 (1 scala source)[0m
2024.12.01 11:35:58 INFO  time: compiled 01_debcb02de5-dfb6a65836 in 0.11s[0m
2024.12.01 11:36:24 INFO  compiling 01_debcb02de5-dfb6a65836 (1 scala source)[0m
2024.12.01 11:36:24 INFO  time: compiled 01_debcb02de5-dfb6a65836 in 52ms[0m
2024.12.01 11:38:09 ERROR scalafmt: /Users/rick/Documents/workspace/advent_of_code/2024/days/01/day1.scala:28: error: [dialect scala3] ; expected but . found
    right.appended right.appended(y)
                        ^[0m
2024.12.01 11:38:10 INFO  compiling 01_debcb02de5-dfb6a65836 (1 scala source)[0m
2024.12.01 11:38:10 INFO  time: compiled 01_debcb02de5-dfb6a65836 in 74ms[0m
2024.12.01 11:38:13 ERROR scalafmt: /Users/rick/Documents/workspace/advent_of_code/2024/days/01/day1.scala:28: error: [dialect scala3] ; expected but . found
    right.appended right.appended(y)
                        ^[0m
2024.12.01 11:38:13 INFO  compiling 01_debcb02de5-dfb6a65836 (1 scala source)[0m
2024.12.01 11:38:13 INFO  time: compiled 01_debcb02de5-dfb6a65836 in 50ms[0m
2024.12.01 11:38:53 ERROR scalafmt: /Users/rick/Documents/workspace/advent_of_code/2024/days/01/day1.scala:29: error: [dialect scala3] ; expected but . found
    right.appended right.appended(2)
                        ^[0m
2024.12.01 11:38:53 INFO  compiling 01_debcb02de5-dfb6a65836 (1 scala source)[0m
2024.12.01 11:38:53 INFO  time: compiled 01_debcb02de5-dfb6a65836 in 0.12s[0m
2024.12.01 11:38:58 ERROR scalafmt: /Users/rick/Documents/workspace/advent_of_code/2024/days/01/day1.scala:28: error: [dialect scala3] ; expected but . found
    right.appended right.appended(2)
                        ^[0m
2024.12.01 11:38:58 INFO  compiling 01_debcb02de5-dfb6a65836 (1 scala source)[0m
2024.12.01 11:38:58 INFO  time: compiled 01_debcb02de5-dfb6a65836 in 56ms[0m
2024.12.01 11:39:09 INFO  compiling 01_debcb02de5-dfb6a65836 (1 scala source)[0m
2024.12.01 11:39:09 INFO  time: compiled 01_debcb02de5-dfb6a65836 in 0.11s[0m
2024.12.01 11:39:33 INFO  compiling 01_debcb02de5-dfb6a65836 (1 scala source)[0m
2024.12.01 11:39:33 INFO  time: compiled 01_debcb02de5-dfb6a65836 in 0.1s[0m
2024.12.01 11:44:06 INFO  compiling 01_debcb02de5-dfb6a65836 (1 scala source)[0m
2024.12.01 11:44:06 INFO  time: compiled 01_debcb02de5-dfb6a65836 in 0.14s[0m
2024.12.01 11:44:14 INFO  compiling 01_debcb02de5-dfb6a65836 (1 scala source)[0m
2024.12.01 11:44:14 INFO  time: compiled 01_debcb02de5-dfb6a65836 in 0.12s[0m
2024.12.01 11:44:26 INFO  compiling 01_debcb02de5-dfb6a65836 (1 scala source)[0m
2024.12.01 11:44:26 INFO  time: compiled 01_debcb02de5-dfb6a65836 in 0.1s[0m
2024.12.01 11:44:55 INFO  compiling 01_debcb02de5-dfb6a65836 (1 scala source)[0m
2024.12.01 11:44:55 INFO  time: compiled 01_debcb02de5-dfb6a65836 in 0.15s[0m
2024.12.01 11:45:07 INFO  compiling 01_debcb02de5-dfb6a65836 (1 scala source)[0m
2024.12.01 11:45:07 INFO  time: compiled 01_debcb02de5-dfb6a65836 in 0.1s[0m
2024.12.01 11:45:19 INFO  compiling 01_debcb02de5-dfb6a65836 (1 scala source)[0m
2024.12.01 11:45:19 INFO  time: compiled 01_debcb02de5-dfb6a65836 in 0.1s[0m
2024.12.01 11:47:36 INFO  compiling 01_debcb02de5-dfb6a65836 (1 scala source)[0m
2024.12.01 11:47:36 INFO  time: compiled 01_debcb02de5-dfb6a65836 in 0.11s[0m
2024.12.01 11:47:50 INFO  compiling 01_debcb02de5-dfb6a65836 (1 scala source)[0m
2024.12.01 11:47:50 INFO  time: compiled 01_debcb02de5-dfb6a65836 in 0.11s[0m
2024.12.01 11:48:12 INFO  compiling 01_debcb02de5-dfb6a65836 (1 scala source)[0m
2024.12.01 11:48:12 INFO  time: compiled 01_debcb02de5-dfb6a65836 in 0.1s[0m
2024.12.01 11:48:47 INFO  compiling 01_debcb02de5-dfb6a65836 (1 scala source)[0m
2024.12.01 11:48:47 INFO  time: compiled 01_debcb02de5-dfb6a65836 in 0.1s[0m
2024.12.01 11:49:02 INFO  compiling 01_debcb02de5-dfb6a65836 (1 scala source)[0m
2024.12.01 11:49:02 INFO  time: compiled 01_debcb02de5-dfb6a65836 in 0.1s[0m
2024.12.01 11:49:59 INFO  compiling 01_debcb02de5-dfb6a65836 (1 scala source)[0m
2024.12.01 11:49:59 INFO  time: compiled 01_debcb02de5-dfb6a65836 in 0.11s[0m
2024.12.01 11:50:12 INFO  BSP server: os.PathError$LastOnEmptyPath: empty path has no last segment[0m
2024.12.01 11:50:12 INFO  BSP server: 	at os.PathError$LastOnEmptyPath$.apply(Path.scala:228)[0m
2024.12.01 11:50:12 INFO  BSP server: 	at os.BasePathImpl.last$$anonfun$1(Path.scala:210)[0m
2024.12.01 11:50:12 INFO  BSP server: 	at scala.Option.getOrElse(Option.scala:201)[0m
2024.12.01 11:50:12 INFO  BSP server: 	at os.BasePathImpl.last(Path.scala:210)[0m
2024.12.01 11:50:12 INFO  BSP server: 	at os.BasePathImpl.last$(Path.scala:190)[0m
2024.12.01 11:50:12 INFO  BSP server: 	at os.RelPath.last(Path.scala:261)[0m
2024.12.01 11:50:12 INFO  BSP server: 	at scala.build.bsp.BloopSession.isScalaFile$1(BloopSession.scala:40)[0m
2024.12.01 11:50:12 INFO  BSP server: 	at scala.build.bsp.BloopSession.$anonfun$1(BloopSession.scala:42)[0m
2024.12.01 11:50:12 INFO  BSP server: 	at scala.build.bsp.BloopSession.registerWatchInputs$$anonfun$1$$anonfun$1(BloopSession.scala:48)[0m
2024.12.01 11:50:12 INFO  BSP server: 	at scala.runtime.function.JProcedure1.apply(JProcedure1.java:15)[0m
2024.12.01 11:50:12 INFO  BSP server: 	at scala.runtime.function.JProcedure1.apply(JProcedure1.java:10)[0m
2024.12.01 11:50:12 INFO  BSP server: 	at scala.build.Build$$anon$2.onNext(Build.scala:1244)[0m
2024.12.01 11:50:12 INFO  BSP server: 	at scala.build.Build$$anon$2.onNext(Build.scala:1243)[0m
2024.12.01 11:50:12 INFO  BSP server: 	at com.swoval.files.Observers.onNext(Observers.java:31)[0m
2024.12.01 11:50:12 INFO  BSP server: 	at com.swoval.files.SymlinkFollowingPathWatcher$1.onNext(SymlinkFollowingPathWatcher.java:58)[0m
2024.12.01 11:50:12 INFO  BSP server: 	at com.swoval.files.SymlinkFollowingPathWatcher$1.onNext(SymlinkFollowingPathWatcher.java:36)[0m
2024.12.01 11:50:12 INFO  BSP server: 	at com.swoval.files.Observers.onNext(Observers.java:31)[0m
2024.12.01 11:50:12 INFO  BSP server: 	at com.swoval.files.ApplePathWatcher$1.accept(ApplePathWatcher.java:287)[0m
2024.12.01 11:50:12 INFO  BSP server: 	at com.swoval.files.ApplePathWatcher$1.accept(ApplePathWatcher.java:261)[0m
2024.12.01 11:50:12 INFO  BSP server: 	at com.swoval.files.apple.FileEventMonitorImpl$WrappedConsumer$1.run(FileEventMonitors.java:178)[0m
2024.12.01 11:50:12 INFO  BSP server: 	at java.base@17.0.6/java.util.concurrent.Executors$RunnableAdapter.call(Executors.java:539)[0m
2024.12.01 11:50:12 INFO  BSP server: 	at java.base@17.0.6/java.util.concurrent.FutureTask.run(FutureTask.java:264)[0m
2024.12.01 11:50:12 INFO  BSP server: 	at java.base@17.0.6/java.util.concurrent.ThreadPoolExecutor.runWorker(ThreadPoolExecutor.java:1136)[0m
2024.12.01 11:50:12 INFO  BSP server: 	at java.base@17.0.6/java.util.concurrent.ThreadPoolExecutor$Worker.run(ThreadPoolExecutor.java:635)[0m
2024.12.01 11:50:12 INFO  BSP server: 	at java.base@17.0.6/java.lang.Thread.run(Thread.java:833)[0m
2024.12.01 11:50:12 INFO  BSP server: 	at com.oracle.svm.core.thread.PlatformThreads.threadStartRoutine(PlatformThreads.java:775)[0m
2024.12.01 11:50:12 INFO  BSP server: 	at com.oracle.svm.core.posix.thread.PosixPlatformThreads.pthreadStartRoutine(PosixPlatformThreads.java:203)[0m
2024.12.01 11:50:13 INFO  compiling 01_debcb02de5-dfb6a65836 (1 scala source)[0m
2024.12.01 11:50:13 INFO  time: compiled 01_debcb02de5-dfb6a65836 in 0.11s[0m
2024.12.01 11:50:31 INFO  compiling 01_debcb02de5-dfb6a65836 (1 scala source)[0m
2024.12.01 11:50:31 INFO  time: compiled 01_debcb02de5-dfb6a65836 in 0.1s[0m
2024.12.01 11:50:50 INFO  compiling 01_debcb02de5-dfb6a65836 (1 scala source)[0m
2024.12.01 11:50:50 INFO  time: compiled 01_debcb02de5-dfb6a65836 in 0.1s[0m
2024.12.01 11:51:36 ERROR scalafmt: /Users/rick/Documents/workspace/advent_of_code/2024/days/01/day1.scala:43: error: [dialect scala3] illegal start of simple pattern

^[0m
2024.12.01 11:51:36 INFO  compiling 01_debcb02de5-dfb6a65836 (1 scala source)[0m
2024.12.01 11:51:36 INFO  time: compiled 01_debcb02de5-dfb6a65836 in 73ms[0m
2024.12.01 11:52:23 ERROR scalafmt: /Users/rick/Documents/workspace/advent_of_code/2024/days/01/day1.scala:42: error: [dialect scala3] <- expected but , found
  for i, v <- left do
       ^[0m
2024.12.01 11:52:23 INFO  compiling 01_debcb02de5-dfb6a65836 (1 scala source)[0m
2024.12.01 11:52:23 INFO  time: compiled 01_debcb02de5-dfb6a65836 in 84ms[0m
2024.12.01 11:52:32 INFO  compiling 01_debcb02de5-dfb6a65836 (1 scala source)[0m
2024.12.01 11:52:32 INFO  time: compiled 01_debcb02de5-dfb6a65836 in 63ms[0m
2024.12.01 11:55:10 INFO  compiling 01_debcb02de5-dfb6a65836 (1 scala source)[0m
2024.12.01 11:55:10 INFO  time: compiled 01_debcb02de5-dfb6a65836 in 0.2s[0m
2024.12.01 11:55:24 ERROR scalafmt: /Users/rick/Documents/workspace/advent_of_code/2024/days/01/day1.scala:44: error: [dialect scala3] ) expected but def found
def processLine(line: String): (Option[Int], Option[Int]) =
^[0m
2024.12.01 11:55:24 INFO  compiling 01_debcb02de5-dfb6a65836 (1 scala source)[0m
2024.12.01 11:55:24 INFO  time: compiled 01_debcb02de5-dfb6a65836 in 59ms[0m
2024.12.01 11:56:13 ERROR scalafmt: /Users/rick/Documents/workspace/advent_of_code/2024/days/01/day1.scala:43: error: [dialect scala3] illegal start of simple pattern
      val new = left(i)-right(i)
          ^[0m
2024.12.01 11:56:13 INFO  compiling 01_debcb02de5-dfb6a65836 (1 scala source)[0m
2024.12.01 11:56:13 INFO  time: compiled 01_debcb02de5-dfb6a65836 in 0.12s[0m
2024.12.01 11:56:46 INFO  compiling 01_debcb02de5-dfb6a65836 (1 scala source)[0m
2024.12.01 11:56:46 INFO  time: compiled 01_debcb02de5-dfb6a65836 in 56ms[0m
2024.12.01 11:56:57 INFO  compiling 01_debcb02de5-dfb6a65836 (1 scala source)[0m
2024.12.01 11:56:57 INFO  time: compiled 01_debcb02de5-dfb6a65836 in 0.11s[0m
2024.12.01 11:57:12 INFO  compiling 01_debcb02de5-dfb6a65836 (1 scala source)[0m
2024.12.01 11:57:12 INFO  time: compiled 01_debcb02de5-dfb6a65836 in 0.14s[0m
2024.12.01 11:58:01 INFO  compiling 01_debcb02de5-dfb6a65836 (1 scala source)[0m
2024.12.01 11:58:01 INFO  time: compiled 01_debcb02de5-dfb6a65836 in 0.11s[0m
2024.12.01 11:58:32 INFO  compiling 01_debcb02de5-dfb6a65836 (1 scala source)[0m
2024.12.01 11:58:32 INFO  time: compiled 01_debcb02de5-dfb6a65836 in 0.12s[0m
2024.12.01 12:00:50 INFO  compiling 01_debcb02de5-dfb6a65836 (1 scala source)[0m
2024.12.01 12:00:50 INFO  time: compiled 01_debcb02de5-dfb6a65836 in 0.11s[0m
2024.12.01 13:27:10 INFO  compiling 01_debcb02de5-dfb6a65836 (1 scala source)[0m
2024.12.01 13:27:10 INFO  time: compiled 01_debcb02de5-dfb6a65836 in 0.82s[0m
2024.12.01 13:28:25 INFO  compiling 01_debcb02de5-dfb6a65836 (1 scala source)[0m
2024.12.01 13:28:25 INFO  time: compiled 01_debcb02de5-dfb6a65836 in 0.26s[0m
2024.12.01 13:29:21 INFO  compiling 01_debcb02de5-dfb6a65836 (1 scala source)[0m
2024.12.01 13:29:21 INFO  time: compiled 01_debcb02de5-dfb6a65836 in 0.2s[0m
2024.12.01 13:29:51 INFO  compiling 01_debcb02de5-dfb6a65836 (1 scala source)[0m
2024.12.01 13:29:51 INFO  time: compiled 01_debcb02de5-dfb6a65836 in 0.19s[0m
2024.12.01 13:29:59 INFO  compiling 01_debcb02de5-dfb6a65836 (1 scala source)[0m
2024.12.01 13:29:59 INFO  time: compiled 01_debcb02de5-dfb6a65836 in 0.17s[0m
2024.12.01 13:30:07 INFO  compiling 01_debcb02de5-dfb6a65836 (1 scala source)[0m
2024.12.01 13:30:07 INFO  time: compiled 01_debcb02de5-dfb6a65836 in 77ms[0m
2024.12.01 13:30:14 INFO  compiling 01_debcb02de5-dfb6a65836 (1 scala source)[0m
2024.12.01 13:30:14 INFO  time: compiled 01_debcb02de5-dfb6a65836 in 0.22s[0m
2024.12.01 13:30:32 INFO  compiling 01_debcb02de5-dfb6a65836 (1 scala source)[0m
2024.12.01 13:30:32 INFO  time: compiled 01_debcb02de5-dfb6a65836 in 0.15s[0m
2024.12.01 13:31:29 ERROR scalafmt: /Users/rick/Documents/workspace/advent_of_code/2024/days/01/day1.scala:27: error: [dialect scala3] then expected but val found
    val xVal = x.get
    ^[0m
2024.12.01 13:31:29 INFO  compiling 01_debcb02de5-dfb6a65836 (1 scala source)[0m
2024.12.01 13:31:29 INFO  time: compiled 01_debcb02de5-dfb6a65836 in 0.15s[0m
2024.12.01 13:31:35 ERROR scalafmt: /Users/rick/Documents/workspace/advent_of_code/2024/days/01/day1.scala:24: error: [dialect scala3] then expected but do found
    if x == 0 || y == 0 do
                        ^[0m
2024.12.01 13:31:35 INFO  compiling 01_debcb02de5-dfb6a65836 (1 scala source)[0m
2024.12.01 13:31:35 INFO  time: compiled 01_debcb02de5-dfb6a65836 in 0.16s[0m
2024.12.01 13:31:41 INFO  compiling 01_debcb02de5-dfb6a65836 (1 scala source)[0m
2024.12.01 13:31:41 INFO  time: compiled 01_debcb02de5-dfb6a65836 in 0.14s[0m
2024.12.01 13:32:15 INFO  compiling 01_debcb02de5-dfb6a65836 (1 scala source)[0m
2024.12.01 13:32:15 INFO  time: compiled 01_debcb02de5-dfb6a65836 in 0.2s[0m
2024.12.01 13:37:30 INFO  compiling 01_debcb02de5-dfb6a65836 (1 scala source)[0m
2024.12.01 13:37:30 INFO  time: compiled 01_debcb02de5-dfb6a65836 in 0.11s[0m
2024.12.01 13:37:42 INFO  compiling 01_debcb02de5-dfb6a65836 (1 scala source)[0m
2024.12.01 13:37:42 INFO  time: compiled 01_debcb02de5-dfb6a65836 in 0.15s[0m
2024.12.01 13:38:24 INFO  compiling 01_debcb02de5-dfb6a65836 (1 scala source)[0m
2024.12.01 13:38:24 INFO  time: compiled 01_debcb02de5-dfb6a65836 in 0.14s[0m
2024.12.01 17:37:26 INFO  BSP server: Checking https://repo1.maven.org/maven2/org/scala-lang/toolkit-test_3/[0m
2024.12.01 17:37:26 INFO  BSP server: Checked https://repo1.maven.org/maven2/org/scala-lang/toolkit-test_3/[0m
2024.12.01 17:37:26 INFO  BSP server: Checking https://repo1.maven.org/maven2/org/scala-lang/toolkit-test_3/maven-metadata.xml[0m
2024.12.01 17:37:26 INFO  BSP server: Checked https://repo1.maven.org/maven2/org/scala-lang/toolkit-test_3/maven-metadata.xml[0m
2024.12.01 17:37:26 INFO  BSP server: Checking https://repo1.maven.org/maven2/org/scala-lang/toolkit_3/[0m
2024.12.01 17:37:26 INFO  BSP server: Checked https://repo1.maven.org/maven2/org/scala-lang/toolkit_3/[0m
2024.12.01 17:37:26 INFO  BSP server: Checking https://repo1.maven.org/maven2/org/scala-lang/toolkit_3/maven-metadata.xml[0m
2024.12.01 17:37:26 INFO  BSP server: Checked https://repo1.maven.org/maven2/org/scala-lang/toolkit_3/maven-metadata.xml[0m
2024.12.01 17:37:26 INFO  compiling 01_debcb02de5-dfb6a65836 (1 scala source)[0m
2024.12.01 17:37:26 INFO  time: compiled 01_debcb02de5-dfb6a65836 in 0.77s[0m
2024.12.01 17:38:16 INFO  compiling 01_debcb02de5-dfb6a65836 (1 scala source)[0m
2024.12.01 17:38:16 INFO  time: compiled 01_debcb02de5-dfb6a65836 in 0.26s[0m
2024.12.01 17:38:31 INFO  compiling 01_debcb02de5-dfb6a65836 (1 scala source)[0m
2024.12.01 17:38:31 INFO  time: compiled 01_debcb02de5-dfb6a65836 in 0.26s[0m
2024.12.01 17:38:58 INFO  compiling 01_debcb02de5-dfb6a65836 (1 scala source)[0m
2024.12.01 17:38:58 INFO  time: compiled 01_debcb02de5-dfb6a65836 in 0.16s[0m
2024.12.01 17:40:29 INFO  compiling 01_debcb02de5-dfb6a65836 (1 scala source)[0m
2024.12.01 17:40:29 INFO  time: compiled 01_debcb02de5-dfb6a65836 in 0.17s[0m
2024.12.01 17:40:41 INFO  compiling 01_debcb02de5-dfb6a65836 (1 scala source)[0m
2024.12.01 17:40:41 INFO  time: compiled 01_debcb02de5-dfb6a65836 in 0.14s[0m
2024.12.01 17:41:02 INFO  compiling 01_debcb02de5-dfb6a65836 (1 scala source)[0m
2024.12.01 17:41:02 INFO  time: compiled 01_debcb02de5-dfb6a65836 in 0.14s[0m
2024.12.01 17:41:23 INFO  compiling 01_debcb02de5-dfb6a65836 (1 scala source)[0m
2024.12.01 17:41:23 INFO  time: compiled 01_debcb02de5-dfb6a65836 in 0.13s[0m
2024.12.01 17:42:03 INFO  compiling 01_debcb02de5-dfb6a65836 (1 scala source)[0m
2024.12.01 17:42:03 INFO  time: compiled 01_debcb02de5-dfb6a65836 in 0.13s[0m
2024.12.01 17:45:02 INFO  compiling 01_debcb02de5-dfb6a65836 (1 scala source)[0m
2024.12.01 17:45:02 INFO  time: compiled 01_debcb02de5-dfb6a65836 in 63ms[0m
2024.12.01 17:45:25 INFO  compiling 01_debcb02de5-dfb6a65836 (1 scala source)[0m
2024.12.01 17:45:25 INFO  time: compiled 01_debcb02de5-dfb6a65836 in 0.13s[0m
2024.12.01 17:45:42 ERROR scalafmt: /Users/rick/Documents/workspace/advent_of_code/2024/days/01/day1.scala:52: error: invalid escape character
  val pattern: Regex = "\d+".r
                         ^[0m
2024.12.01 17:45:42 INFO  compiling 01_debcb02de5-dfb6a65836 (1 scala source)[0m
2024.12.01 17:45:42 INFO  time: compiled 01_debcb02de5-dfb6a65836 in 60ms[0m
2024.12.01 17:45:53 INFO  time: compiled 01_debcb02de5-dfb6a65836 in 1ms[0m
2024.12.01 17:46:52 INFO  compiling 01_debcb02de5-dfb6a65836 (1 scala source)[0m
2024.12.01 17:46:52 INFO  time: compiled 01_debcb02de5-dfb6a65836 in 71ms[0m
2024.12.01 17:46:58 INFO  BSP server: os.PathError$LastOnEmptyPath: empty path has no last segment[0m
2024.12.01 17:46:58 INFO  BSP server: 	at os.PathError$LastOnEmptyPath$.apply(Path.scala:228)[0m
2024.12.01 17:46:58 INFO  BSP server: 	at os.BasePathImpl.last$$anonfun$1(Path.scala:210)[0m
2024.12.01 17:46:58 INFO  BSP server: 	at scala.Option.getOrElse(Option.scala:201)[0m
2024.12.01 17:46:58 INFO  BSP server: 	at os.BasePathImpl.last(Path.scala:210)[0m
2024.12.01 17:46:58 INFO  BSP server: 	at os.BasePathImpl.last$(Path.scala:190)[0m
2024.12.01 17:46:58 INFO  BSP server: 	at os.RelPath.last(Path.scala:261)[0m
2024.12.01 17:46:58 INFO  BSP server: 	at scala.build.bsp.BloopSession.isScalaFile$1(BloopSession.scala:40)[0m
2024.12.01 17:46:58 INFO  BSP server: 	at scala.build.bsp.BloopSession.$anonfun$1(BloopSession.scala:42)[0m
2024.12.01 17:46:58 INFO  BSP server: 	at scala.build.bsp.BloopSession.registerWatchInputs$$anonfun$1$$anonfun$1(BloopSession.scala:48)[0m
2024.12.01 17:46:58 INFO  BSP server: 	at scala.runtime.function.JProcedure1.apply(JProcedure1.java:15)[0m
2024.12.01 17:46:58 INFO  BSP server: 	at scala.runtime.function.JProcedure1.apply(JProcedure1.java:10)[0m
2024.12.01 17:46:58 INFO  BSP server: 	at scala.build.Build$$anon$2.onNext(Build.scala:1244)[0m
2024.12.01 17:46:58 INFO  BSP server: 	at scala.build.Build$$anon$2.onNext(Build.scala:1243)[0m
2024.12.01 17:46:58 INFO  BSP server: 	at com.swoval.files.Observers.onNext(Observers.java:31)[0m
2024.12.01 17:46:58 INFO  BSP server: 	at com.swoval.files.SymlinkFollowingPathWatcher$1.onNext(SymlinkFollowingPathWatcher.java:58)[0m
2024.12.01 17:46:58 INFO  BSP server: 	at com.swoval.files.SymlinkFollowingPathWatcher$1.onNext(SymlinkFollowingPathWatcher.java:36)[0m
2024.12.01 17:46:58 INFO  BSP server: 	at com.swoval.files.Observers.onNext(Observers.java:31)[0m
2024.12.01 17:46:58 INFO  BSP server: 	at com.swoval.files.ApplePathWatcher$1.accept(ApplePathWatcher.java:287)[0m
2024.12.01 17:46:58 INFO  BSP server: 	at com.swoval.files.ApplePathWatcher$1.accept(ApplePathWatcher.java:261)[0m
2024.12.01 17:46:58 INFO  BSP server: 	at com.swoval.files.apple.FileEventMonitorImpl$WrappedConsumer$1.run(FileEventMonitors.java:178)[0m
2024.12.01 17:46:58 INFO  BSP server: 	at java.base@17.0.6/java.util.concurrent.Executors$RunnableAdapter.call(Executors.java:539)[0m
2024.12.01 17:46:58 INFO  BSP server: 	at java.base@17.0.6/java.util.concurrent.FutureTask.run(FutureTask.java:264)[0m
2024.12.01 17:46:58 INFO  BSP server: 	at java.base@17.0.6/java.util.concurrent.ThreadPoolExecutor.runWorker(ThreadPoolExecutor.java:1136)[0m
2024.12.01 17:46:58 INFO  BSP server: 	at java.base@17.0.6/java.util.concurrent.ThreadPoolExecutor$Worker.run(ThreadPoolExecutor.java:635)[0m
2024.12.01 17:46:58 INFO  BSP server: 	at java.base@17.0.6/java.lang.Thread.run(Thread.java:833)[0m
2024.12.01 17:46:58 INFO  BSP server: 	at com.oracle.svm.core.thread.PlatformThreads.threadStartRoutine(PlatformThreads.java:775)[0m
2024.12.01 17:46:58 INFO  BSP server: 	at com.oracle.svm.core.posix.thread.PosixPlatformThreads.pthreadStartRoutine(PosixPlatformThreads.java:203)[0m
2024.12.01 17:46:59 INFO  compiling 01_debcb02de5-dfb6a65836 (1 scala source)[0m
2024.12.01 17:46:59 INFO  time: compiled 01_debcb02de5-dfb6a65836 in 61ms[0m
2024.12.01 17:48:19 ERROR scalafmt: /Users/rick/Documents/workspace/advent_of_code/2024/days/01/day1.scala:60: error: [dialect scala3] ) expected but def found
def tryToInt(s: String) = Try(s.toInt).toOption
^[0m
2024.12.01 17:48:19 INFO  compiling 01_debcb02de5-dfb6a65836 (1 scala source)[0m
2024.12.01 17:48:19 INFO  time: compiled 01_debcb02de5-dfb6a65836 in 85ms[0m
2024.12.01 17:49:12 ERROR scalafmt: /Users/rick/Documents/workspace/advent_of_code/2024/days/01/day1.scala:60: error: [dialect scala3] ) expected but def found
def tryToInt(s: String) = Try(s.toInt).toOption
^[0m
2024.12.01 17:49:13 INFO  compiling 01_debcb02de5-dfb6a65836 (1 scala source)[0m
2024.12.01 17:49:13 INFO  time: compiled 01_debcb02de5-dfb6a65836 in 70ms[0m
2024.12.01 17:49:35 ERROR scalafmt: /Users/rick/Documents/workspace/advent_of_code/2024/days/01/day1.scala:60: error: [dialect scala3] ) expected but def found
def tryToInt(s: String) = Try(s.toInt).toOption
^[0m
2024.12.01 17:49:35 INFO  compiling 01_debcb02de5-dfb6a65836 (1 scala source)[0m
2024.12.01 17:49:35 INFO  time: compiled 01_debcb02de5-dfb6a65836 in 74ms[0m
2024.12.01 17:49:51 ERROR scalafmt: /Users/rick/Documents/workspace/advent_of_code/2024/days/01/day1.scala:60: error: [dialect scala3] ) expected but def found
def tryToInt(s: String) = Try(s.toInt).toOption
^[0m
2024.12.01 17:49:51 INFO  compiling 01_debcb02de5-dfb6a65836 (1 scala source)[0m
2024.12.01 17:49:51 INFO  time: compiled 01_debcb02de5-dfb6a65836 in 73ms[0m
2024.12.01 17:50:10 INFO  compiling 01_debcb02de5-dfb6a65836 (1 scala source)[0m
2024.12.01 17:50:10 INFO  time: compiled 01_debcb02de5-dfb6a65836 in 0.14s[0m
2024.12.01 17:50:24 INFO  compiling 01_debcb02de5-dfb6a65836 (1 scala source)[0m
2024.12.01 17:50:24 INFO  time: compiled 01_debcb02de5-dfb6a65836 in 0.11s[0m
2024.12.01 17:50:29 ERROR scalafmt: /Users/rick/Documents/workspace/advent_of_code/2024/days/01/day1.scala:60: error: [dialect scala3] ) expected but def found
def tryToInt(s: String) = Try(s.toInt).toOption
^[0m
2024.12.01 17:50:29 INFO  compiling 01_debcb02de5-dfb6a65836 (1 scala source)[0m
2024.12.01 17:50:29 INFO  time: compiled 01_debcb02de5-dfb6a65836 in 62ms[0m
2024.12.01 17:50:34 INFO  compiling 01_debcb02de5-dfb6a65836 (1 scala source)[0m
2024.12.01 17:50:34 INFO  time: compiled 01_debcb02de5-dfb6a65836 in 0.12s[0m
2024.12.01 17:50:49 INFO  compiling 01_debcb02de5-dfb6a65836 (1 scala source)[0m
2024.12.01 17:50:49 INFO  time: compiled 01_debcb02de5-dfb6a65836 in 59ms[0m
2024.12.01 17:50:58 INFO  compiling 01_debcb02de5-dfb6a65836 (1 scala source)[0m
2024.12.01 17:50:58 INFO  time: compiled 01_debcb02de5-dfb6a65836 in 56ms[0m
2024.12.01 17:51:12 ERROR scalafmt: /Users/rick/Documents/workspace/advent_of_code/2024/days/01/day1.scala:60: error: [dialect scala3] ) expected but def found
def tryToInt(s: String) = Try(s.toInt).toOption
^[0m
2024.12.01 17:51:13 INFO  compiling 01_debcb02de5-dfb6a65836 (1 scala source)[0m
2024.12.01 17:51:13 INFO  time: compiled 01_debcb02de5-dfb6a65836 in 64ms[0m
2024.12.01 17:51:29 ERROR scalafmt: /Users/rick/Documents/workspace/advent_of_code/2024/days/01/day1.scala:60: error: [dialect scala3] ) expected but def found
def tryToInt(s: String) = Try(s.toInt).toOption
^[0m
2024.12.01 17:51:29 INFO  compiling 01_debcb02de5-dfb6a65836 (1 scala source)[0m
2024.12.01 17:51:29 INFO  time: compiled 01_debcb02de5-dfb6a65836 in 64ms[0m
2024.12.01 17:51:37 INFO  compiling 01_debcb02de5-dfb6a65836 (1 scala source)[0m
2024.12.01 17:51:37 INFO  time: compiled 01_debcb02de5-dfb6a65836 in 57ms[0m
2024.12.01 17:52:40 INFO  compiling 01_debcb02de5-dfb6a65836 (1 scala source)[0m
2024.12.01 17:52:40 INFO  time: compiled 01_debcb02de5-dfb6a65836 in 0.12s[0m
2024.12.01 17:52:48 ERROR scalafmt: /Users/rick/Documents/workspace/advent_of_code/2024/days/01/day1.scala:58: error: [dialect scala3] ; expected but ) found
  return (tryToInt(splits(0)), tryToInt(splits(1).toString())))
                                                              ^[0m
2024.12.01 17:52:48 INFO  compiling 01_debcb02de5-dfb6a65836 (1 scala source)[0m
2024.12.01 17:52:48 INFO  time: compiled 01_debcb02de5-dfb6a65836 in 63ms[0m
2024.12.01 17:53:01 ERROR scalafmt: /Users/rick/Documents/workspace/advent_of_code/2024/days/01/day1.scala:59: error: [dialect scala3] ; expected but ) found
  return (tryToInt(splits(0)), tryToInt(splits(1).toString())))
                                                              ^[0m
2024.12.01 17:53:01 INFO  compiling 01_debcb02de5-dfb6a65836 (1 scala source)[0m
2024.12.01 17:53:01 INFO  time: compiled 01_debcb02de5-dfb6a65836 in 65ms[0m
2024.12.01 17:53:22 INFO  compiling 01_debcb02de5-dfb6a65836 (1 scala source)[0m
2024.12.01 17:53:22 INFO  time: compiled 01_debcb02de5-dfb6a65836 in 0.14s[0m
2024.12.01 17:53:34 INFO  compiling 01_debcb02de5-dfb6a65836 (1 scala source)[0m
2024.12.01 17:53:34 INFO  time: compiled 01_debcb02de5-dfb6a65836 in 0.14s[0m
2024.12.01 17:53:45 INFO  compiling 01_debcb02de5-dfb6a65836 (1 scala source)[0m
2024.12.01 17:53:45 INFO  time: compiled 01_debcb02de5-dfb6a65836 in 0.12s[0m
2024.12.01 17:54:01 INFO  compiling 01_debcb02de5-dfb6a65836 (1 scala source)[0m
2024.12.01 17:54:01 INFO  time: compiled 01_debcb02de5-dfb6a65836 in 0.12s[0m
2024.12.01 17:54:03 INFO  compiling 01_debcb02de5-dfb6a65836 (1 scala source)[0m
2024.12.01 17:54:03 INFO  time: compiled 01_debcb02de5-dfb6a65836 in 90ms[0m
2024.12.01 17:55:47 INFO  compiling 01_debcb02de5-dfb6a65836 (1 scala source)[0m
2024.12.01 17:55:47 INFO  time: compiled 01_debcb02de5-dfb6a65836 in 62ms[0m
2024.12.01 17:55:55 INFO  compiling 01_debcb02de5-dfb6a65836 (1 scala source)[0m
2024.12.01 17:55:55 INFO  time: compiled 01_debcb02de5-dfb6a65836 in 0.11s[0m
2024.12.01 17:56:03 INFO  compiling 01_debcb02de5-dfb6a65836 (1 scala source)[0m
2024.12.01 17:56:03 INFO  time: compiled 01_debcb02de5-dfb6a65836 in 0.11s[0m
2024.12.01 18:02:31 ERROR scalafmt: /Users/rick/Documents/workspace/advent_of_code/2024/days/01/day1.scala:20: error: [dialect scala3] identifier expected but = found
  val rightMap: Map[Int]Int = Map()
                            ^[0m
2024.12.01 18:02:31 INFO  compiling 01_debcb02de5-dfb6a65836 (1 scala source)[0m
2024.12.01 18:02:31 INFO  time: compiled 01_debcb02de5-dfb6a65836 in 60ms[0m
2024.12.01 18:06:47 INFO  compiling 01_debcb02de5-dfb6a65836 (1 scala source)[0m
2024.12.01 18:06:47 INFO  time: compiled 01_debcb02de5-dfb6a65836 in 0.12s[0m
2024.12.01 18:07:46 INFO  compiling 01_debcb02de5-dfb6a65836 (1 scala source)[0m
2024.12.01 18:07:46 INFO  time: compiled 01_debcb02de5-dfb6a65836 in 0.12s[0m
2024.12.01 18:08:00 INFO  BSP server: os.PathError$LastOnEmptyPath: empty path has no last segment[0m
2024.12.01 18:08:00 INFO  BSP server: 	at os.PathError$LastOnEmptyPath$.apply(Path.scala:228)[0m
2024.12.01 18:08:00 INFO  BSP server: 	at os.BasePathImpl.last$$anonfun$1(Path.scala:210)[0m
2024.12.01 18:08:00 INFO  BSP server: 	at scala.Option.getOrElse(Option.scala:201)[0m
2024.12.01 18:08:00 INFO  BSP server: 	at os.BasePathImpl.last(Path.scala:210)[0m
2024.12.01 18:08:00 INFO  BSP server: 	at os.BasePathImpl.last$(Path.scala:190)[0m
2024.12.01 18:08:00 INFO  BSP server: 	at os.RelPath.last(Path.scala:261)[0m
2024.12.01 18:08:00 INFO  BSP server: 	at scala.build.bsp.BloopSession.isScalaFile$1(BloopSession.scala:40)[0m
2024.12.01 18:08:00 INFO  BSP server: 	at scala.build.bsp.BloopSession.$anonfun$1(BloopSession.scala:42)[0m
2024.12.01 18:08:00 INFO  BSP server: 	at scala.build.bsp.BloopSession.registerWatchInputs$$anonfun$1$$anonfun$1(BloopSession.scala:48)[0m
2024.12.01 18:08:00 INFO  BSP server: 	at scala.runtime.function.JProcedure1.apply(JProcedure1.java:15)[0m
2024.12.01 18:08:00 INFO  BSP server: 	at scala.runtime.function.JProcedure1.apply(JProcedure1.java:10)[0m
2024.12.01 18:08:00 INFO  BSP server: 	at scala.build.Build$$anon$2.onNext(Build.scala:1244)[0m
2024.12.01 18:08:00 INFO  BSP server: 	at scala.build.Build$$anon$2.onNext(Build.scala:1243)[0m
2024.12.01 18:08:00 INFO  BSP server: 	at com.swoval.files.Observers.onNext(Observers.java:31)[0m
2024.12.01 18:08:00 INFO  BSP server: 	at com.swoval.files.SymlinkFollowingPathWatcher$1.onNext(SymlinkFollowingPathWatcher.java:58)[0m
2024.12.01 18:08:00 INFO  BSP server: 	at com.swoval.files.SymlinkFollowingPathWatcher$1.onNext(SymlinkFollowingPathWatcher.java:36)[0m
2024.12.01 18:08:00 INFO  BSP server: 	at com.swoval.files.Observers.onNext(Observers.java:31)[0m
2024.12.01 18:08:00 INFO  BSP server: 	at com.swoval.files.ApplePathWatcher$1.accept(ApplePathWatcher.java:287)[0m
2024.12.01 18:08:00 INFO  BSP server: 	at com.swoval.files.ApplePathWatcher$1.accept(ApplePathWatcher.java:261)[0m
2024.12.01 18:08:00 INFO  BSP server: 	at com.swoval.files.apple.FileEventMonitorImpl$WrappedConsumer$1.run(FileEventMonitors.java:178)[0m
2024.12.01 18:08:00 INFO  BSP server: 	at java.base@17.0.6/java.util.concurrent.Executors$RunnableAdapter.call(Executors.java:539)[0m
2024.12.01 18:08:00 INFO  BSP server: 	at java.base@17.0.6/java.util.concurrent.FutureTask.run(FutureTask.java:264)[0m
2024.12.01 18:08:00 INFO  BSP server: 	at java.base@17.0.6/java.util.concurrent.ThreadPoolExecutor.runWorker(ThreadPoolExecutor.java:1136)[0m
2024.12.01 18:08:00 INFO  BSP server: 	at java.base@17.0.6/java.util.concurrent.ThreadPoolExecutor$Worker.run(ThreadPoolExecutor.java:635)[0m
2024.12.01 18:08:00 INFO  BSP server: 	at java.base@17.0.6/java.lang.Thread.run(Thread.java:833)[0m
2024.12.01 18:08:00 INFO  BSP server: 	at com.oracle.svm.core.thread.PlatformThreads.threadStartRoutine(PlatformThreads.java:775)[0m
2024.12.01 18:08:00 INFO  BSP server: 	at com.oracle.svm.core.posix.thread.PosixPlatformThreads.pthreadStartRoutine(PosixPlatformThreads.java:203)[0m
2024.12.01 18:08:00 INFO  compiling 01_debcb02de5-dfb6a65836 (1 scala source)[0m
2024.12.01 18:08:00 INFO  time: compiled 01_debcb02de5-dfb6a65836 in 60ms[0m
2024.12.01 18:08:06 INFO  compiling 01_debcb02de5-dfb6a65836 (1 scala source)[0m
2024.12.01 18:08:06 INFO  time: compiled 01_debcb02de5-dfb6a65836 in 0.11s[0m
2024.12.01 18:09:35 INFO  compiling 01_debcb02de5-dfb6a65836 (1 scala source)[0m
2024.12.01 18:09:35 INFO  time: compiled 01_debcb02de5-dfb6a65836 in 0.16s[0m
2024.12.01 18:09:49 INFO  compiling 01_debcb02de5-dfb6a65836 (1 scala source)[0m
2024.12.01 18:09:49 INFO  time: compiled 01_debcb02de5-dfb6a65836 in 0.1s[0m
2024.12.01 18:10:30 INFO  compiling 01_debcb02de5-dfb6a65836 (1 scala source)[0m
2024.12.01 18:10:30 INFO  time: compiled 01_debcb02de5-dfb6a65836 in 0.11s[0m
2024.12.01 18:10:35 INFO  compiling 01_debcb02de5-dfb6a65836 (1 scala source)[0m
2024.12.01 18:10:35 INFO  time: compiled 01_debcb02de5-dfb6a65836 in 0.13s[0m
2024.12.01 18:11:07 INFO  compiling 01_debcb02de5-dfb6a65836 (1 scala source)[0m
2024.12.01 18:11:07 INFO  time: compiled 01_debcb02de5-dfb6a65836 in 59ms[0m
2024.12.01 18:11:18 INFO  compiling 01_debcb02de5-dfb6a65836 (1 scala source)[0m
2024.12.01 18:11:18 INFO  time: compiled 01_debcb02de5-dfb6a65836 in 0.13s[0m
2024.12.01 22:01:13 INFO  compiling 01_debcb02de5-dfb6a65836 (1 scala source)[0m
2024.12.01 22:01:13 INFO  time: compiled 01_debcb02de5-dfb6a65836 in 0.12s[0m
2024.12.01 22:01:36 INFO  compiling 01_debcb02de5-dfb6a65836 (1 scala source)[0m
2024.12.01 22:01:36 INFO  time: compiled 01_debcb02de5-dfb6a65836 in 0.12s[0m
2024.12.01 22:02:59 ERROR scalafmt: /Users/rick/Documents/workspace/advent_of_code/2024/days/01/day1.scala:35: error: [dialect scala3] illegal start of simple expression
    val yOccurances = rightMap.getOrElse(yVal, 0)
    ^[0m
2024.12.01 22:02:59 INFO  compiling 01_debcb02de5-dfb6a65836 (1 scala source)[0m
2024.12.01 22:02:59 INFO  time: compiled 01_debcb02de5-dfb6a65836 in 77ms[0m
2024.12.01 22:03:06 INFO  compiling 01_debcb02de5-dfb6a65836 (1 scala source)[0m
2024.12.01 22:03:06 INFO  time: compiled 01_debcb02de5-dfb6a65836 in 0.12s[0m
2024.12.01 22:08:17 INFO  compiling 01_debcb02de5-dfb6a65836 (1 scala source)[0m
2024.12.01 22:08:17 INFO  time: compiled 01_debcb02de5-dfb6a65836 in 0.13s[0m
2024.12.01 22:08:51 INFO  compiling 01_debcb02de5-dfb6a65836 (1 scala source)[0m
2024.12.01 22:08:51 INFO  time: compiled 01_debcb02de5-dfb6a65836 in 0.12s[0m
2024.12.01 22:08:54 INFO  compiling 01_debcb02de5-dfb6a65836 (1 scala source)[0m
2024.12.01 22:08:54 INFO  time: compiled 01_debcb02de5-dfb6a65836 in 0.11s[0m
2024.12.01 22:11:51 INFO  compiling 01_debcb02de5-dfb6a65836 (1 scala source)[0m
2024.12.01 22:11:51 INFO  time: compiled 01_debcb02de5-dfb6a65836 in 0.12s[0m
2024.12.01 22:13:53 INFO  BSP server: os.PathError$LastOnEmptyPath: empty path has no last segment[0m
2024.12.01 22:13:53 INFO  BSP server: 	at os.PathError$LastOnEmptyPath$.apply(Path.scala:228)[0m
2024.12.01 22:13:53 INFO  BSP server: 	at os.BasePathImpl.last$$anonfun$1(Path.scala:210)[0m
2024.12.01 22:13:53 INFO  BSP server: 	at scala.Option.getOrElse(Option.scala:201)[0m
2024.12.01 22:13:53 INFO  BSP server: 	at os.BasePathImpl.last(Path.scala:210)[0m
2024.12.01 22:13:53 INFO  BSP server: 	at os.BasePathImpl.last$(Path.scala:190)[0m
2024.12.01 22:13:53 INFO  BSP server: 	at os.RelPath.last(Path.scala:261)[0m
2024.12.01 22:13:53 INFO  BSP server: 	at scala.build.bsp.BloopSession.isScalaFile$1(BloopSession.scala:40)[0m
2024.12.01 22:13:53 INFO  BSP server: 	at scala.build.bsp.BloopSession.$anonfun$1(BloopSession.scala:42)[0m
2024.12.01 22:13:53 INFO  BSP server: 	at scala.build.bsp.BloopSession.registerWatchInputs$$anonfun$1$$anonfun$1(BloopSession.scala:48)[0m
2024.12.01 22:13:53 INFO  BSP server: 	at scala.runtime.function.JProcedure1.apply(JProcedure1.java:15)[0m
2024.12.01 22:13:53 INFO  BSP server: 	at scala.runtime.function.JProcedure1.apply(JProcedure1.java:10)[0m
2024.12.01 22:13:53 INFO  BSP server: 	at scala.build.Build$$anon$2.onNext(Build.scala:1244)[0m
2024.12.01 22:13:53 INFO  BSP server: 	at scala.build.Build$$anon$2.onNext(Build.scala:1243)[0m
2024.12.01 22:13:53 INFO  BSP server: 	at com.swoval.files.Observers.onNext(Observers.java:31)[0m
2024.12.01 22:13:53 INFO  BSP server: 	at com.swoval.files.SymlinkFollowingPathWatcher$1.onNext(SymlinkFollowingPathWatcher.java:58)[0m
2024.12.01 22:13:53 INFO  BSP server: 	at com.swoval.files.SymlinkFollowingPathWatcher$1.onNext(SymlinkFollowingPathWatcher.java:36)[0m
2024.12.01 22:13:53 INFO  BSP server: 	at com.swoval.files.Observers.onNext(Observers.java:31)[0m
2024.12.01 22:13:53 INFO  BSP server: 	at com.swoval.files.ApplePathWatcher$1.accept(ApplePathWatcher.java:287)[0m
2024.12.01 22:13:53 INFO  BSP server: 	at com.swoval.files.ApplePathWatcher$1.accept(ApplePathWatcher.java:261)[0m
2024.12.01 22:13:53 INFO  BSP server: 	at com.swoval.files.apple.FileEventMonitorImpl$WrappedConsumer$1.run(FileEventMonitors.java:178)[0m
2024.12.01 22:13:53 INFO  BSP server: 	at java.base@17.0.6/java.util.concurrent.Executors$RunnableAdapter.call(Executors.java:539)[0m
2024.12.01 22:13:53 INFO  BSP server: 	at java.base@17.0.6/java.util.concurrent.FutureTask.run(FutureTask.java:264)[0m
2024.12.01 22:13:53 INFO  BSP server: 	at java.base@17.0.6/java.util.concurrent.ThreadPoolExecutor.runWorker(ThreadPoolExecutor.java:1136)[0m
2024.12.01 22:13:53 INFO  BSP server: 	at java.base@17.0.6/java.util.concurrent.ThreadPoolExecutor$Worker.run(ThreadPoolExecutor.java:635)[0m
2024.12.01 22:13:53 INFO  BSP server: 	at java.base@17.0.6/java.lang.Thread.run(Thread.java:833)[0m
2024.12.01 22:13:53 INFO  BSP server: 	at com.oracle.svm.core.thread.PlatformThreads.threadStartRoutine(PlatformThreads.java:775)[0m
2024.12.01 22:13:53 INFO  BSP server: 	at com.oracle.svm.core.posix.thread.PosixPlatformThreads.pthreadStartRoutine(PosixPlatformThreads.java:203)[0m
2024.12.01 22:18:03 INFO  compiling 01_debcb02de5-dfb6a65836 (1 scala source)[0m
2024.12.01 22:18:03 INFO  time: compiled 01_debcb02de5-dfb6a65836 in 69ms[0m
2024.12.01 22:18:23 INFO  compiling 01_debcb02de5-dfb6a65836 (1 scala source)[0m
2024.12.01 22:18:23 INFO  time: compiled 01_debcb02de5-dfb6a65836 in 0.12s[0m
2024.12.01 22:22:59 INFO  compiling 01_debcb02de5-dfb6a65836 (1 scala source)[0m
2024.12.01 22:22:59 INFO  time: compiled 01_debcb02de5-dfb6a65836 in 0.11s[0m
2024.12.01 22:23:09 INFO  compiling 01_debcb02de5-dfb6a65836 (1 scala source)[0m
2024.12.01 22:23:09 INFO  time: compiled 01_debcb02de5-dfb6a65836 in 0.11s[0m
2024.12.01 22:28:58 INFO  compiling 01_debcb02de5-dfb6a65836 (1 scala source)[0m
2024.12.01 22:28:58 INFO  time: compiled 01_debcb02de5-dfb6a65836 in 0.12s[0m
2024.12.01 22:30:54 INFO  compiling 01_debcb02de5-dfb6a65836 (1 scala source)[0m
2024.12.01 22:30:54 INFO  time: compiled 01_debcb02de5-dfb6a65836 in 0.11s[0m
2024.12.01 22:38:57 INFO  compiling 01_debcb02de5-dfb6a65836 (1 scala source)[0m
2024.12.01 22:38:57 INFO  time: compiled 01_debcb02de5-dfb6a65836 in 0.12s[0m
2024.12.01 22:39:40 INFO  compiling 01_debcb02de5-dfb6a65836 (1 scala source)[0m
2024.12.01 22:39:40 INFO  time: compiled 01_debcb02de5-dfb6a65836 in 0.11s[0m
2024.12.01 22:40:05 ERROR scalafmt: /Users/rick/Documents/workspace/advent_of_code/2024/days/01/day1.scala:56: error: invalid unquote: `$'ident, `$'BlockExpr, `$'this or `$'_ expected
      println(s"key: $key -- value: $val")
                                     ^[0m
2024.12.01 22:40:05 INFO  compiling 01_debcb02de5-dfb6a65836 (1 scala source)[0m
2024.12.01 22:40:05 INFO  time: compiled 01_debcb02de5-dfb6a65836 in 67ms[0m
2024.12.01 22:40:10 INFO  compiling 01_debcb02de5-dfb6a65836 (1 scala source)[0m
2024.12.01 22:40:10 INFO  time: compiled 01_debcb02de5-dfb6a65836 in 0.11s[0m
2024.12.01 22:41:03 INFO  compiling 01_debcb02de5-dfb6a65836 (1 scala source)[0m
2024.12.01 22:41:03 INFO  time: compiled 01_debcb02de5-dfb6a65836 in 0.13s[0m
2024.12.01 22:41:19 INFO  compiling 01_debcb02de5-dfb6a65836 (1 scala source)[0m
2024.12.01 22:41:19 INFO  time: compiled 01_debcb02de5-dfb6a65836 in 0.16s[0m
2024.12.01 22:49:00 INFO  compiling 01_debcb02de5-dfb6a65836 (1 scala source)[0m
2024.12.01 22:49:00 INFO  time: compiled 01_debcb02de5-dfb6a65836 in 0.12s[0m
2024.12.01 22:49:17 INFO  compiling 01_debcb02de5-dfb6a65836 (1 scala source)[0m
2024.12.01 22:49:17 INFO  time: compiled 01_debcb02de5-dfb6a65836 in 0.14s[0m
